This file contains any messages produced by compilers while
running configure, to aid debugging if configure makes a mistake.

It was created by configure, which was
generated by GNU Autoconf 2.65.  Invocation command line was

  $ ./configure --prefix /Users/brianwilkerson/workspace/curl-loader-0.56/build/libevent CFLAGS= -g -O3 -ffast-math -finline-functions -funroll-all-loops -finline-limit=1000 -mmmx -msse -foptimize-sibling-calls

## --------- ##
## Platform. ##
## --------- ##

hostname = eek.local
uname -m = x86_64
uname -r = 10.8.0
uname -s = Darwin
uname -v = Darwin Kernel Version 10.8.0: Tue Jun  7 16:32:41 PDT 2011; root:xnu-1504.15.3~1/RELEASE_X86_64

/usr/bin/uname -p = i386
/bin/uname -X     = unknown

/bin/arch              = unknown
/usr/bin/arch -k       = unknown
/usr/convex/getsysinfo = unknown
/usr/bin/hostinfo      = Mach kernel version:
	 Darwin Kernel Version 10.8.0: Tue Jun  7 16:32:41 PDT 2011; root:xnu-1504.15.3~1/RELEASE_X86_64
Kernel configured for up to 2 processors.
2 processors are physically available.
2 processors are logically available.
Processor type: i486 (Intel 80486)
Processors active: 0 1
Primary memory available: 8.00 gigabytes
Default processor set: 115 tasks, 575 threads, 2 processors
Load average: 4.68, Mach factor: 0.66
/bin/machine           = unknown
/usr/bin/oslevel       = unknown
/bin/universe          = unknown

PATH: /usr/bin
PATH: /bin
PATH: /usr/bin
PATH: /usr/bin
PATH: /bin
PATH: /usr/sbin
PATH: /sbin
PATH: /usr/local/bin
PATH: /usr/X11/bin
PATH: /opt/local/bin
PATH: /usr/local/git/bin


## ----------- ##
## Core tests. ##
## ----------- ##

configure:2569: checking for a BSD-compatible install
configure:2637: result: /usr/bin/install -c
configure:2648: checking whether build environment is sane
configure:2698: result: yes
configure:2839: checking for a thread-safe mkdir -p
configure:2878: result: ./install-sh -c -d
configure:2891: checking for gawk
configure:2921: result: no
configure:2891: checking for mawk
configure:2921: result: no
configure:2891: checking for nawk
configure:2921: result: no
configure:2891: checking for awk
configure:2907: found /usr/bin/awk
configure:2918: result: awk
configure:2929: checking whether make sets $(MAKE)
configure:2951: result: yes
configure:3038: checking build system type
configure:3052: result: x86_64-apple-darwin10.8.0
configure:3072: checking host system type
configure:3085: result: x86_64-apple-darwin10.8.0
configure:3162: checking for gcc
configure:3178: found /usr/bin/gcc
configure:3189: result: gcc
configure:3418: checking for C compiler version
configure:3427: gcc --version >&5
i686-apple-darwin10-gcc-4.2.1 (GCC) 4.2.1 (Apple Inc. build 5666) (dot 3)
Copyright (C) 2007 Free Software Foundation, Inc.
This is free software; see the source for copying conditions.  There is NO
warranty; not even for MERCHANTABILITY or FITNESS FOR A PARTICULAR PURPOSE.

configure:3438: $? = 0
configure:3427: gcc -v >&5
Using built-in specs.
Target: i686-apple-darwin10
Configured with: /var/tmp/gcc/gcc-5666.3~123/src/configure --disable-checking --enable-werror --prefix=/usr --mandir=/share/man --enable-languages=c,objc,c++,obj-c++ --program-transform-name=/^[cg][^.-]*$/s/$/-4.2/ --with-slibdir=/usr/lib --build=i686-apple-darwin10 --program-prefix=i686-apple-darwin10- --host=x86_64-apple-darwin10 --target=i686-apple-darwin10 --with-gxx-include-dir=/include/c++/4.2.1
Thread model: posix
gcc version 4.2.1 (Apple Inc. build 5666) (dot 3)
configure:3438: $? = 0
configure:3427: gcc -V >&5
gcc-4.2: argument to `-V' is missing
configure:3438: $? = 1
configure:3427: gcc -qversion >&5
i686-apple-darwin10-gcc-4.2.1: no input files
configure:3438: $? = 1
configure:3458: checking whether the C compiler works
configure:3480: gcc  -g -O3 -ffast-math -finline-functions -funroll-all-loops -finline-limit=1000 -mmmx -msse -foptimize-sibling-calls   conftest.c  >&5
configure:3484: $? = 0
configure:3533: result: yes
configure:3536: checking for C compiler default output file name
configure:3538: result: a.out
configure:3544: checking for suffix of executables
configure:3551: gcc -o conftest  -g -O3 -ffast-math -finline-functions -funroll-all-loops -finline-limit=1000 -mmmx -msse -foptimize-sibling-calls   conftest.c  >&5
configure:3555: $? = 0
configure:3577: result: 
configure:3599: checking whether we are cross compiling
configure:3607: gcc -o conftest  -g -O3 -ffast-math -finline-functions -funroll-all-loops -finline-limit=1000 -mmmx -msse -foptimize-sibling-calls   conftest.c  >&5
configure:3611: $? = 0
configure:3618: ./conftest
configure:3622: $? = 0
configure:3637: result: no
configure:3642: checking for suffix of object files
configure:3664: gcc -c  -g -O3 -ffast-math -finline-functions -funroll-all-loops -finline-limit=1000 -mmmx -msse -foptimize-sibling-calls  conftest.c >&5
configure:3668: $? = 0
configure:3689: result: o
configure:3693: checking whether we are using the GNU C compiler
configure:3712: gcc -c  -g -O3 -ffast-math -finline-functions -funroll-all-loops -finline-limit=1000 -mmmx -msse -foptimize-sibling-calls  conftest.c >&5
configure:3712: $? = 0
configure:3721: result: yes
configure:3730: checking whether gcc accepts -g
configure:3750: gcc -c -g  conftest.c >&5
configure:3750: $? = 0
configure:3791: result: yes
configure:3808: checking for gcc option to accept ISO C89
configure:3872: gcc  -c  -g -O3 -ffast-math -finline-functions -funroll-all-loops -finline-limit=1000 -mmmx -msse -foptimize-sibling-calls  conftest.c >&5
configure:3872: $? = 0
configure:3885: result: none needed
configure:3916: checking for style of include used by make
configure:3944: result: GNU
configure:3969: checking dependency style of gcc
configure:4079: result: gcc3
configure:4095: checking whether ln -s works
configure:4099: result: yes
configure:4113: checking how to run the C preprocessor
configure:4144: gcc -E  conftest.c
configure:4144: $? = 0
configure:4158: gcc -E  conftest.c
conftest.c:12:28: error: ac_nonexistent.h: No such file or directory
configure:4158: $? = 1
configure: failed program was:
| /* confdefs.h */
| #define PACKAGE_NAME ""
| #define PACKAGE_TARNAME ""
| #define PACKAGE_VERSION ""
| #define PACKAGE_STRING ""
| #define PACKAGE_BUGREPORT ""
| #define PACKAGE_URL ""
| #define PACKAGE "libevent"
| #define VERSION "1.4.14b-stable"
| #define NUMERIC_VERSION 0x01040e00
| /* end confdefs.h.  */
| #include <ac_nonexistent.h>
configure:4183: result: gcc -E
configure:4203: gcc -E  conftest.c
configure:4203: $? = 0
configure:4217: gcc -E  conftest.c
conftest.c:12:28: error: ac_nonexistent.h: No such file or directory
configure:4217: $? = 1
configure: failed program was:
| /* confdefs.h */
| #define PACKAGE_NAME ""
| #define PACKAGE_TARNAME ""
| #define PACKAGE_VERSION ""
| #define PACKAGE_STRING ""
| #define PACKAGE_BUGREPORT ""
| #define PACKAGE_URL ""
| #define PACKAGE "libevent"
| #define VERSION "1.4.14b-stable"
| #define NUMERIC_VERSION 0x01040e00
| /* end confdefs.h.  */
| #include <ac_nonexistent.h>
configure:4246: checking for grep that handles long lines and -e
configure:4304: result: /usr/bin/grep
configure:4309: checking for egrep
configure:4371: result: /usr/bin/grep -E
configure:4377: checking whether gcc needs -traditional
conftest.c:12:20: error: termio.h: No such file or directory
configure:4411: result: no
configure:4425: checking whether we need extra flags to make libc reentrant
configure:4434: result: -D_THREAD_SAFE
configure:4475: checking for a sed that does not truncate output
configure:4539: result: /usr/bin/sed
configure:4557: checking for fgrep
configure:4619: result: /usr/bin/grep -F
configure:4654: checking for ld used by gcc
configure:4721: result: /usr/libexec/gcc/i686-apple-darwin10/4.2.1/ld
configure:4728: checking if the linker (/usr/libexec/gcc/i686-apple-darwin10/4.2.1/ld) is GNU ld
configure:4743: result: no
configure:4755: checking for BSD- or MS-compatible name lister (nm)
configure:4804: result: /usr/bin/nm
configure:4922: checking the name lister (/usr/bin/nm) interface
configure:4929: gcc -c  -g -O3 -ffast-math -finline-functions -funroll-all-loops -finline-limit=1000 -mmmx -msse -foptimize-sibling-calls -Wall -fno-strict-aliasing -D_THREAD_SAFE  conftest.c >&5
configure:4932: /usr/bin/nm "conftest.o"
configure:4935: output
00000000000001bc D _some_variable
configure:4942: result: BSD nm
configure:4946: checking the maximum length of command line arguments
configure:5066: result: 196608
configure:5083: checking whether the shell understands some XSI constructs
configure:5093: result: yes
configure:5097: checking whether the shell understands "+="
configure:5103: result: yes
configure:5138: checking for /usr/libexec/gcc/i686-apple-darwin10/4.2.1/ld option to reload object files
configure:5145: result: -r
configure:5214: checking for objdump
configure:5244: result: no
configure:5273: checking how to recognize dependent libraries
configure:5469: result: pass_all
configure:5529: checking for ar
configure:5545: found /usr/bin/ar
configure:5556: result: ar
configure:5634: checking for strip
configure:5650: found /usr/bin/strip
configure:5661: result: strip
configure:5733: checking for ranlib
configure:5749: found /usr/bin/ranlib
configure:5760: result: ranlib
configure:5850: checking command to parse /usr/bin/nm output from gcc object
configure:5968: gcc -c  -g -O3 -ffast-math -finline-functions -funroll-all-loops -finline-limit=1000 -mmmx -msse -foptimize-sibling-calls -Wall -fno-strict-aliasing -D_THREAD_SAFE  conftest.c >&5
configure:5971: $? = 0
configure:5975: /usr/bin/nm conftest.o \| sed -n -e 's/^.*[	 ]\([BCDEGRST][BCDEGRST]*\)[	 ][	 ]*\([_A-Za-z][_A-Za-z0-9]*\)$/\1 \2 \2/p' \> conftest.nm
configure:5978: $? = 0
cannot find nm_test_var in conftest.nm
configure:5968: gcc -c  -g -O3 -ffast-math -finline-functions -funroll-all-loops -finline-limit=1000 -mmmx -msse -foptimize-sibling-calls -Wall -fno-strict-aliasing -D_THREAD_SAFE  conftest.c >&5
configure:5971: $? = 0
configure:5975: /usr/bin/nm conftest.o \| sed -n -e 's/^.*[	 ]\([BCDEGRST][BCDEGRST]*\)[	 ][	 ]*_\([_A-Za-z][_A-Za-z0-9]*\)$/\1 _\2 \2/p' \> conftest.nm
configure:5978: $? = 0
configure:6032: gcc -o conftest  -g -O3 -ffast-math -finline-functions -funroll-all-loops -finline-limit=1000 -mmmx -msse -foptimize-sibling-calls -Wall -fno-strict-aliasing -D_THREAD_SAFE   conftest.c conftstm.o >&5
configure:6035: $? = 0
configure:6073: result: ok
configure:6337: checking for dsymutil
configure:6353: found /usr/bin/dsymutil
configure:6364: result: dsymutil
configure:6429: checking for nmedit
configure:6445: found /usr/bin/nmedit
configure:6456: result: nmedit
configure:6521: checking for lipo
configure:6537: found /usr/bin/lipo
configure:6548: result: lipo
configure:6613: checking for otool
configure:6629: found /usr/bin/otool
configure:6640: result: otool
configure:6705: checking for otool64
configure:6735: result: no
configure:6780: checking for -single_module linker flag
gcc  -g -O3 -ffast-math -finline-functions -funroll-all-loops -finline-limit=1000 -mmmx -msse -foptimize-sibling-calls -Wall -fno-strict-aliasing -D_THREAD_SAFE  -o libconftest.dylib -dynamiclib -Wl,-single_module conftest.c
configure:6807: result: yes
configure:6809: checking for -exported_symbols_list linker flag
configure:6829: gcc -o conftest  -g -O3 -ffast-math -finline-functions -funroll-all-loops -finline-limit=1000 -mmmx -msse -foptimize-sibling-calls -Wall -fno-strict-aliasing -D_THREAD_SAFE   -Wl,-exported_symbols_list,conftest.sym conftest.c  >&5
configure:6829: $? = 0
configure:6839: result: yes
configure:6876: checking for ANSI C header files
configure:6896: gcc -c  -g -O3 -ffast-math -finline-functions -funroll-all-loops -finline-limit=1000 -mmmx -msse -foptimize-sibling-calls -Wall -fno-strict-aliasing -D_THREAD_SAFE  conftest.c >&5
configure:6896: $? = 0
configure:6969: gcc -o conftest  -g -O3 -ffast-math -finline-functions -funroll-all-loops -finline-limit=1000 -mmmx -msse -foptimize-sibling-calls -Wall -fno-strict-aliasing -D_THREAD_SAFE   conftest.c  >&5
configure:6969: $? = 0
configure:6969: ./conftest
configure:6969: $? = 0
configure:6980: result: yes
configure:6993: checking for sys/types.h
configure:6993: gcc -c  -g -O3 -ffast-math -finline-functions -funroll-all-loops -finline-limit=1000 -mmmx -msse -foptimize-sibling-calls -Wall -fno-strict-aliasing -D_THREAD_SAFE  conftest.c >&5
configure:6993: $? = 0
configure:6993: result: yes
configure:6993: checking for sys/stat.h
configure:6993: gcc -c  -g -O3 -ffast-math -finline-functions -funroll-all-loops -finline-limit=1000 -mmmx -msse -foptimize-sibling-calls -Wall -fno-strict-aliasing -D_THREAD_SAFE  conftest.c >&5
configure:6993: $? = 0
configure:6993: result: yes
configure:6993: checking for stdlib.h
configure:6993: gcc -c  -g -O3 -ffast-math -finline-functions -funroll-all-loops -finline-limit=1000 -mmmx -msse -foptimize-sibling-calls -Wall -fno-strict-aliasing -D_THREAD_SAFE  conftest.c >&5
configure:6993: $? = 0
configure:6993: result: yes
configure:6993: checking for string.h
configure:6993: gcc -c  -g -O3 -ffast-math -finline-functions -funroll-all-loops -finline-limit=1000 -mmmx -msse -foptimize-sibling-calls -Wall -fno-strict-aliasing -D_THREAD_SAFE  conftest.c >&5
configure:6993: $? = 0
configure:6993: result: yes
configure:6993: checking for memory.h
configure:6993: gcc -c  -g -O3 -ffast-math -finline-functions -funroll-all-loops -finline-limit=1000 -mmmx -msse -foptimize-sibling-calls -Wall -fno-strict-aliasing -D_THREAD_SAFE  conftest.c >&5
configure:6993: $? = 0
configure:6993: result: yes
configure:6993: checking for strings.h
configure:6993: gcc -c  -g -O3 -ffast-math -finline-functions -funroll-all-loops -finline-limit=1000 -mmmx -msse -foptimize-sibling-calls -Wall -fno-strict-aliasing -D_THREAD_SAFE  conftest.c >&5
configure:6993: $? = 0
configure:6993: result: yes
configure:6993: checking for inttypes.h
configure:6993: gcc -c  -g -O3 -ffast-math -finline-functions -funroll-all-loops -finline-limit=1000 -mmmx -msse -foptimize-sibling-calls -Wall -fno-strict-aliasing -D_THREAD_SAFE  conftest.c >&5
configure:6993: $? = 0
configure:6993: result: yes
configure:6993: checking for stdint.h
configure:6993: gcc -c  -g -O3 -ffast-math -finline-functions -funroll-all-loops -finline-limit=1000 -mmmx -msse -foptimize-sibling-calls -Wall -fno-strict-aliasing -D_THREAD_SAFE  conftest.c >&5
configure:6993: $? = 0
configure:6993: result: yes
configure:6993: checking for unistd.h
configure:6993: gcc -c  -g -O3 -ffast-math -finline-functions -funroll-all-loops -finline-limit=1000 -mmmx -msse -foptimize-sibling-calls -Wall -fno-strict-aliasing -D_THREAD_SAFE  conftest.c >&5
configure:6993: $? = 0
configure:6993: result: yes
configure:7008: checking for dlfcn.h
configure:7008: gcc -c  -g -O3 -ffast-math -finline-functions -funroll-all-loops -finline-limit=1000 -mmmx -msse -foptimize-sibling-calls -Wall -fno-strict-aliasing -D_THREAD_SAFE  conftest.c >&5
configure:7008: $? = 0
configure:7008: result: yes
configure:7192: checking for objdir
configure:7207: result: .libs
configure:7499: checking if gcc supports -fno-rtti -fno-exceptions
configure:7517: gcc -c  -g -O3 -ffast-math -finline-functions -funroll-all-loops -finline-limit=1000 -mmmx -msse -foptimize-sibling-calls -Wall -fno-strict-aliasing -D_THREAD_SAFE  -fno-rtti -fno-exceptions conftest.c >&5
cc1: warning: command line option "-fno-rtti" is valid for C++/ObjC++ but not for C
configure:7521: $? = 0
configure:7534: result: no
configure:7554: checking for gcc option to produce PIC
configure:7826: result: -fno-common -DPIC
configure:7838: checking if gcc PIC flag -fno-common -DPIC works
configure:7856: gcc -c  -g -O3 -ffast-math -finline-functions -funroll-all-loops -finline-limit=1000 -mmmx -msse -foptimize-sibling-calls -Wall -fno-strict-aliasing -D_THREAD_SAFE  -fno-common -DPIC -DPIC conftest.c >&5
configure:7860: $? = 0
configure:7873: result: yes
configure:7897: checking if gcc static flag -static works
configure:7925: result: no
configure:7940: checking if gcc supports -c -o file.o
configure:7961: gcc -c  -g -O3 -ffast-math -finline-functions -funroll-all-loops -finline-limit=1000 -mmmx -msse -foptimize-sibling-calls -Wall -fno-strict-aliasing -D_THREAD_SAFE  -o out/conftest2.o conftest.c >&5
configure:7965: $? = 0
configure:7987: result: yes
configure:7995: checking if gcc supports -c -o file.o
configure:8042: result: yes
configure:8075: checking whether the gcc linker (/usr/libexec/gcc/i686-apple-darwin10/4.2.1/ld) supports shared libraries
configure:9061: result: yes
configure:9300: checking dynamic linker characteristics
configure:9951: result: darwin10.8.0 dyld
configure:10053: checking how to hardcode library paths into programs
configure:10078: result: immediate
configure:10598: checking whether stripping libraries is possible
configure:10612: result: yes
configure:10638: checking if libtool supports shared libraries
configure:10640: result: yes
configure:10643: checking whether to build shared libraries
configure:10664: result: yes
configure:10667: checking whether to build static libraries
configure:10671: result: yes
configure:10709: checking for socket in -lsocket
configure:10734: gcc -o conftest  -g -O3 -ffast-math -finline-functions -funroll-all-loops -finline-limit=1000 -mmmx -msse -foptimize-sibling-calls -Wall -fno-strict-aliasing -D_THREAD_SAFE   conftest.c -lsocket   >&5
ld: library not found for -lsocket
collect2: ld returned 1 exit status
configure:10734: $? = 1
configure: failed program was:
| /* confdefs.h */
| #define PACKAGE_NAME ""
| #define PACKAGE_TARNAME ""
| #define PACKAGE_VERSION ""
| #define PACKAGE_STRING ""
| #define PACKAGE_BUGREPORT ""
| #define PACKAGE_URL ""
| #define PACKAGE "libevent"
| #define VERSION "1.4.14b-stable"
| #define NUMERIC_VERSION 0x01040e00
| #define STDC_HEADERS 1
| #define HAVE_SYS_TYPES_H 1
| #define HAVE_SYS_STAT_H 1
| #define HAVE_STDLIB_H 1
| #define HAVE_STRING_H 1
| #define HAVE_MEMORY_H 1
| #define HAVE_STRINGS_H 1
| #define HAVE_INTTYPES_H 1
| #define HAVE_STDINT_H 1
| #define HAVE_UNISTD_H 1
| #define HAVE_DLFCN_H 1
| #define LT_OBJDIR ".libs/"
| /* end confdefs.h.  */
| 
| /* Override any GCC internal prototype to avoid an error.
|    Use char because int might match the return type of a GCC
|    builtin and then its argument prototype would still apply.  */
| #ifdef __cplusplus
| extern "C"
| #endif
| char socket ();
| int
| main ()
| {
| return socket ();
|   ;
|   return 0;
| }
configure:10743: result: no
configure:10754: checking for inet_aton in -lresolv
configure:10779: gcc -o conftest  -g -O3 -ffast-math -finline-functions -funroll-all-loops -finline-limit=1000 -mmmx -msse -foptimize-sibling-calls -Wall -fno-strict-aliasing -D_THREAD_SAFE   conftest.c -lresolv   >&5
configure:10779: $? = 0
configure:10788: result: yes
configure:10799: checking for clock_gettime in -lrt
configure:10824: gcc -o conftest  -g -O3 -ffast-math -finline-functions -funroll-all-loops -finline-limit=1000 -mmmx -msse -foptimize-sibling-calls -Wall -fno-strict-aliasing -D_THREAD_SAFE   conftest.c -lrt  -lresolv  >&5
ld: library not found for -lrt
collect2: ld returned 1 exit status
configure:10824: $? = 1
configure: failed program was:
| /* confdefs.h */
| #define PACKAGE_NAME ""
| #define PACKAGE_TARNAME ""
| #define PACKAGE_VERSION ""
| #define PACKAGE_STRING ""
| #define PACKAGE_BUGREPORT ""
| #define PACKAGE_URL ""
| #define PACKAGE "libevent"
| #define VERSION "1.4.14b-stable"
| #define NUMERIC_VERSION 0x01040e00
| #define STDC_HEADERS 1
| #define HAVE_SYS_TYPES_H 1
| #define HAVE_SYS_STAT_H 1
| #define HAVE_STDLIB_H 1
| #define HAVE_STRING_H 1
| #define HAVE_MEMORY_H 1
| #define HAVE_STRINGS_H 1
| #define HAVE_INTTYPES_H 1
| #define HAVE_STDINT_H 1
| #define HAVE_UNISTD_H 1
| #define HAVE_DLFCN_H 1
| #define LT_OBJDIR ".libs/"
| #define HAVE_LIBRESOLV 1
| /* end confdefs.h.  */
| 
| /* Override any GCC internal prototype to avoid an error.
|    Use char because int might match the return type of a GCC
|    builtin and then its argument prototype would still apply.  */
| #ifdef __cplusplus
| extern "C"
| #endif
| char clock_gettime ();
| int
| main ()
| {
| return clock_gettime ();
|   ;
|   return 0;
| }
configure:10833: result: no
configure:10844: checking for inet_ntoa in -lnsl
configure:10869: gcc -o conftest  -g -O3 -ffast-math -finline-functions -funroll-all-loops -finline-limit=1000 -mmmx -msse -foptimize-sibling-calls -Wall -fno-strict-aliasing -D_THREAD_SAFE   conftest.c -lnsl  -lresolv  >&5
ld: library not found for -lnsl
collect2: ld returned 1 exit status
configure:10869: $? = 1
configure: failed program was:
| /* confdefs.h */
| #define PACKAGE_NAME ""
| #define PACKAGE_TARNAME ""
| #define PACKAGE_VERSION ""
| #define PACKAGE_STRING ""
| #define PACKAGE_BUGREPORT ""
| #define PACKAGE_URL ""
| #define PACKAGE "libevent"
| #define VERSION "1.4.14b-stable"
| #define NUMERIC_VERSION 0x01040e00
| #define STDC_HEADERS 1
| #define HAVE_SYS_TYPES_H 1
| #define HAVE_SYS_STAT_H 1
| #define HAVE_STDLIB_H 1
| #define HAVE_STRING_H 1
| #define HAVE_MEMORY_H 1
| #define HAVE_STRINGS_H 1
| #define HAVE_INTTYPES_H 1
| #define HAVE_STDINT_H 1
| #define HAVE_UNISTD_H 1
| #define HAVE_DLFCN_H 1
| #define LT_OBJDIR ".libs/"
| #define HAVE_LIBRESOLV 1
| /* end confdefs.h.  */
| 
| /* Override any GCC internal prototype to avoid an error.
|    Use char because int might match the return type of a GCC
|    builtin and then its argument prototype would still apply.  */
| #ifdef __cplusplus
| extern "C"
| #endif
| char inet_ntoa ();
| int
| main ()
| {
| return inet_ntoa ();
|   ;
|   return 0;
| }
configure:10878: result: no
configure:10890: checking for ANSI C header files
configure:10994: result: yes
configure:11005: checking fcntl.h usability
configure:11005: gcc -c  -g -O3 -ffast-math -finline-functions -funroll-all-loops -finline-limit=1000 -mmmx -msse -foptimize-sibling-calls -Wall -fno-strict-aliasing -D_THREAD_SAFE  conftest.c >&5
configure:11005: $? = 0
configure:11005: result: yes
configure:11005: checking fcntl.h presence
configure:11005: gcc -E  conftest.c
configure:11005: $? = 0
configure:11005: result: yes
configure:11005: checking for fcntl.h
configure:11005: result: yes
configure:11005: checking stdarg.h usability
configure:11005: gcc -c  -g -O3 -ffast-math -finline-functions -funroll-all-loops -finline-limit=1000 -mmmx -msse -foptimize-sibling-calls -Wall -fno-strict-aliasing -D_THREAD_SAFE  conftest.c >&5
configure:11005: $? = 0
configure:11005: result: yes
configure:11005: checking stdarg.h presence
configure:11005: gcc -E  conftest.c
configure:11005: $? = 0
configure:11005: result: yes
configure:11005: checking for stdarg.h
configure:11005: result: yes
configure:11005: checking for inttypes.h
configure:11005: result: yes
configure:11005: checking for stdint.h
configure:11005: result: yes
configure:11005: checking poll.h usability
configure:11005: gcc -c  -g -O3 -ffast-math -finline-functions -funroll-all-loops -finline-limit=1000 -mmmx -msse -foptimize-sibling-calls -Wall -fno-strict-aliasing -D_THREAD_SAFE  conftest.c >&5
configure:11005: $? = 0
configure:11005: result: yes
configure:11005: checking poll.h presence
configure:11005: gcc -E  conftest.c
configure:11005: $? = 0
configure:11005: result: yes
configure:11005: checking for poll.h
configure:11005: result: yes
configure:11005: checking signal.h usability
configure:11005: gcc -c  -g -O3 -ffast-math -finline-functions -funroll-all-loops -finline-limit=1000 -mmmx -msse -foptimize-sibling-calls -Wall -fno-strict-aliasing -D_THREAD_SAFE  conftest.c >&5
configure:11005: $? = 0
configure:11005: result: yes
configure:11005: checking signal.h presence
configure:11005: gcc -E  conftest.c
configure:11005: $? = 0
configure:11005: result: yes
configure:11005: checking for signal.h
configure:11005: result: yes
configure:11005: checking for unistd.h
configure:11005: result: yes
configure:11005: checking sys/epoll.h usability
configure:11005: gcc -c  -g -O3 -ffast-math -finline-functions -funroll-all-loops -finline-limit=1000 -mmmx -msse -foptimize-sibling-calls -Wall -fno-strict-aliasing -D_THREAD_SAFE  conftest.c >&5
conftest.c:66:23: error: sys/epoll.h: No such file or directory
configure:11005: $? = 1
configure: failed program was:
| /* confdefs.h */
| #define PACKAGE_NAME ""
| #define PACKAGE_TARNAME ""
| #define PACKAGE_VERSION ""
| #define PACKAGE_STRING ""
| #define PACKAGE_BUGREPORT ""
| #define PACKAGE_URL ""
| #define PACKAGE "libevent"
| #define VERSION "1.4.14b-stable"
| #define NUMERIC_VERSION 0x01040e00
| #define STDC_HEADERS 1
| #define HAVE_SYS_TYPES_H 1
| #define HAVE_SYS_STAT_H 1
| #define HAVE_STDLIB_H 1
| #define HAVE_STRING_H 1
| #define HAVE_MEMORY_H 1
| #define HAVE_STRINGS_H 1
| #define HAVE_INTTYPES_H 1
| #define HAVE_STDINT_H 1
| #define HAVE_UNISTD_H 1
| #define HAVE_DLFCN_H 1
| #define LT_OBJDIR ".libs/"
| #define HAVE_LIBRESOLV 1
| #define STDC_HEADERS 1
| #define HAVE_FCNTL_H 1
| #define HAVE_STDARG_H 1
| #define HAVE_INTTYPES_H 1
| #define HAVE_STDINT_H 1
| #define HAVE_POLL_H 1
| #define HAVE_SIGNAL_H 1
| #define HAVE_UNISTD_H 1
| /* end confdefs.h.  */
| #include <stdio.h>
| #ifdef HAVE_SYS_TYPES_H
| # include <sys/types.h>
| #endif
| #ifdef HAVE_SYS_STAT_H
| # include <sys/stat.h>
| #endif
| #ifdef STDC_HEADERS
| # include <stdlib.h>
| # include <stddef.h>
| #else
| # ifdef HAVE_STDLIB_H
| #  include <stdlib.h>
| # endif
| #endif
| #ifdef HAVE_STRING_H
| # if !defined STDC_HEADERS && defined HAVE_MEMORY_H
| #  include <memory.h>
| # endif
| # include <string.h>
| #endif
| #ifdef HAVE_STRINGS_H
| # include <strings.h>
| #endif
| #ifdef HAVE_INTTYPES_H
| # include <inttypes.h>
| #endif
| #ifdef HAVE_STDINT_H
| # include <stdint.h>
| #endif
| #ifdef HAVE_UNISTD_H
| # include <unistd.h>
| #endif
| #include <sys/epoll.h>
configure:11005: result: no
configure:11005: checking sys/epoll.h presence
configure:11005: gcc -E  conftest.c
conftest.c:33:23: error: sys/epoll.h: No such file or directory
configure:11005: $? = 1
configure: failed program was:
| /* confdefs.h */
| #define PACKAGE_NAME ""
| #define PACKAGE_TARNAME ""
| #define PACKAGE_VERSION ""
| #define PACKAGE_STRING ""
| #define PACKAGE_BUGREPORT ""
| #define PACKAGE_URL ""
| #define PACKAGE "libevent"
| #define VERSION "1.4.14b-stable"
| #define NUMERIC_VERSION 0x01040e00
| #define STDC_HEADERS 1
| #define HAVE_SYS_TYPES_H 1
| #define HAVE_SYS_STAT_H 1
| #define HAVE_STDLIB_H 1
| #define HAVE_STRING_H 1
| #define HAVE_MEMORY_H 1
| #define HAVE_STRINGS_H 1
| #define HAVE_INTTYPES_H 1
| #define HAVE_STDINT_H 1
| #define HAVE_UNISTD_H 1
| #define HAVE_DLFCN_H 1
| #define LT_OBJDIR ".libs/"
| #define HAVE_LIBRESOLV 1
| #define STDC_HEADERS 1
| #define HAVE_FCNTL_H 1
| #define HAVE_STDARG_H 1
| #define HAVE_INTTYPES_H 1
| #define HAVE_STDINT_H 1
| #define HAVE_POLL_H 1
| #define HAVE_SIGNAL_H 1
| #define HAVE_UNISTD_H 1
| /* end confdefs.h.  */
| #include <sys/epoll.h>
configure:11005: result: no
configure:11005: checking for sys/epoll.h
configure:11005: result: no
configure:11005: checking sys/time.h usability
configure:11005: gcc -c  -g -O3 -ffast-math -finline-functions -funroll-all-loops -finline-limit=1000 -mmmx -msse -foptimize-sibling-calls -Wall -fno-strict-aliasing -D_THREAD_SAFE  conftest.c >&5
configure:11005: $? = 0
configure:11005: result: yes
configure:11005: checking sys/time.h presence
configure:11005: gcc -E  conftest.c
configure:11005: $? = 0
configure:11005: result: yes
configure:11005: checking for sys/time.h
configure:11005: result: yes
configure:11005: checking sys/queue.h usability
configure:11005: gcc -c  -g -O3 -ffast-math -finline-functions -funroll-all-loops -finline-limit=1000 -mmmx -msse -foptimize-sibling-calls -Wall -fno-strict-aliasing -D_THREAD_SAFE  conftest.c >&5
configure:11005: $? = 0
configure:11005: result: yes
configure:11005: checking sys/queue.h presence
configure:11005: gcc -E  conftest.c
configure:11005: $? = 0
configure:11005: result: yes
configure:11005: checking for sys/queue.h
configure:11005: result: yes
configure:11005: checking sys/event.h usability
configure:11005: gcc -c  -g -O3 -ffast-math -finline-functions -funroll-all-loops -finline-limit=1000 -mmmx -msse -foptimize-sibling-calls -Wall -fno-strict-aliasing -D_THREAD_SAFE  conftest.c >&5
configure:11005: $? = 0
configure:11005: result: yes
configure:11005: checking sys/event.h presence
configure:11005: gcc -E  conftest.c
configure:11005: $? = 0
configure:11005: result: yes
configure:11005: checking for sys/event.h
configure:11005: result: yes
configure:11005: checking sys/param.h usability
configure:11005: gcc -c  -g -O3 -ffast-math -finline-functions -funroll-all-loops -finline-limit=1000 -mmmx -msse -foptimize-sibling-calls -Wall -fno-strict-aliasing -D_THREAD_SAFE  conftest.c >&5
configure:11005: $? = 0
configure:11005: result: yes
configure:11005: checking sys/param.h presence
configure:11005: gcc -E  conftest.c
configure:11005: $? = 0
configure:11005: result: yes
configure:11005: checking for sys/param.h
configure:11005: result: yes
configure:11005: checking sys/ioctl.h usability
configure:11005: gcc -c  -g -O3 -ffast-math -finline-functions -funroll-all-loops -finline-limit=1000 -mmmx -msse -foptimize-sibling-calls -Wall -fno-strict-aliasing -D_THREAD_SAFE  conftest.c >&5
configure:11005: $? = 0
configure:11005: result: yes
configure:11005: checking sys/ioctl.h presence
configure:11005: gcc -E  conftest.c
configure:11005: $? = 0
configure:11005: result: yes
configure:11005: checking for sys/ioctl.h
configure:11005: result: yes
configure:11005: checking sys/select.h usability
configure:11005: gcc -c  -g -O3 -ffast-math -finline-functions -funroll-all-loops -finline-limit=1000 -mmmx -msse -foptimize-sibling-calls -Wall -fno-strict-aliasing -D_THREAD_SAFE  conftest.c >&5
configure:11005: $? = 0
configure:11005: result: yes
configure:11005: checking sys/select.h presence
configure:11005: gcc -E  conftest.c
configure:11005: $? = 0
configure:11005: result: yes
configure:11005: checking for sys/select.h
configure:11005: result: yes
configure:11005: checking sys/devpoll.h usability
configure:11005: gcc -c  -g -O3 -ffast-math -finline-functions -funroll-all-loops -finline-limit=1000 -mmmx -msse -foptimize-sibling-calls -Wall -fno-strict-aliasing -D_THREAD_SAFE  conftest.c >&5
conftest.c:72:25: error: sys/devpoll.h: No such file or directory
configure:11005: $? = 1
configure: failed program was:
| /* confdefs.h */
| #define PACKAGE_NAME ""
| #define PACKAGE_TARNAME ""
| #define PACKAGE_VERSION ""
| #define PACKAGE_STRING ""
| #define PACKAGE_BUGREPORT ""
| #define PACKAGE_URL ""
| #define PACKAGE "libevent"
| #define VERSION "1.4.14b-stable"
| #define NUMERIC_VERSION 0x01040e00
| #define STDC_HEADERS 1
| #define HAVE_SYS_TYPES_H 1
| #define HAVE_SYS_STAT_H 1
| #define HAVE_STDLIB_H 1
| #define HAVE_STRING_H 1
| #define HAVE_MEMORY_H 1
| #define HAVE_STRINGS_H 1
| #define HAVE_INTTYPES_H 1
| #define HAVE_STDINT_H 1
| #define HAVE_UNISTD_H 1
| #define HAVE_DLFCN_H 1
| #define LT_OBJDIR ".libs/"
| #define HAVE_LIBRESOLV 1
| #define STDC_HEADERS 1
| #define HAVE_FCNTL_H 1
| #define HAVE_STDARG_H 1
| #define HAVE_INTTYPES_H 1
| #define HAVE_STDINT_H 1
| #define HAVE_POLL_H 1
| #define HAVE_SIGNAL_H 1
| #define HAVE_UNISTD_H 1
| #define HAVE_SYS_TIME_H 1
| #define HAVE_SYS_QUEUE_H 1
| #define HAVE_SYS_EVENT_H 1
| #define HAVE_SYS_PARAM_H 1
| #define HAVE_SYS_IOCTL_H 1
| #define HAVE_SYS_SELECT_H 1
| /* end confdefs.h.  */
| #include <stdio.h>
| #ifdef HAVE_SYS_TYPES_H
| # include <sys/types.h>
| #endif
| #ifdef HAVE_SYS_STAT_H
| # include <sys/stat.h>
| #endif
| #ifdef STDC_HEADERS
| # include <stdlib.h>
| # include <stddef.h>
| #else
| # ifdef HAVE_STDLIB_H
| #  include <stdlib.h>
| # endif
| #endif
| #ifdef HAVE_STRING_H
| # if !defined STDC_HEADERS && defined HAVE_MEMORY_H
| #  include <memory.h>
| # endif
| # include <string.h>
| #endif
| #ifdef HAVE_STRINGS_H
| # include <strings.h>
| #endif
| #ifdef HAVE_INTTYPES_H
| # include <inttypes.h>
| #endif
| #ifdef HAVE_STDINT_H
| # include <stdint.h>
| #endif
| #ifdef HAVE_UNISTD_H
| # include <unistd.h>
| #endif
| #include <sys/devpoll.h>
configure:11005: result: no
configure:11005: checking sys/devpoll.h presence
configure:11005: gcc -E  conftest.c
conftest.c:39:25: error: sys/devpoll.h: No such file or directory
configure:11005: $? = 1
configure: failed program was:
| /* confdefs.h */
| #define PACKAGE_NAME ""
| #define PACKAGE_TARNAME ""
| #define PACKAGE_VERSION ""
| #define PACKAGE_STRING ""
| #define PACKAGE_BUGREPORT ""
| #define PACKAGE_URL ""
| #define PACKAGE "libevent"
| #define VERSION "1.4.14b-stable"
| #define NUMERIC_VERSION 0x01040e00
| #define STDC_HEADERS 1
| #define HAVE_SYS_TYPES_H 1
| #define HAVE_SYS_STAT_H 1
| #define HAVE_STDLIB_H 1
| #define HAVE_STRING_H 1
| #define HAVE_MEMORY_H 1
| #define HAVE_STRINGS_H 1
| #define HAVE_INTTYPES_H 1
| #define HAVE_STDINT_H 1
| #define HAVE_UNISTD_H 1
| #define HAVE_DLFCN_H 1
| #define LT_OBJDIR ".libs/"
| #define HAVE_LIBRESOLV 1
| #define STDC_HEADERS 1
| #define HAVE_FCNTL_H 1
| #define HAVE_STDARG_H 1
| #define HAVE_INTTYPES_H 1
| #define HAVE_STDINT_H 1
| #define HAVE_POLL_H 1
| #define HAVE_SIGNAL_H 1
| #define HAVE_UNISTD_H 1
| #define HAVE_SYS_TIME_H 1
| #define HAVE_SYS_QUEUE_H 1
| #define HAVE_SYS_EVENT_H 1
| #define HAVE_SYS_PARAM_H 1
| #define HAVE_SYS_IOCTL_H 1
| #define HAVE_SYS_SELECT_H 1
| /* end confdefs.h.  */
| #include <sys/devpoll.h>
configure:11005: result: no
configure:11005: checking for sys/devpoll.h
configure:11005: result: no
configure:11005: checking port.h usability
configure:11005: gcc -c  -g -O3 -ffast-math -finline-functions -funroll-all-loops -finline-limit=1000 -mmmx -msse -foptimize-sibling-calls -Wall -fno-strict-aliasing -D_THREAD_SAFE  conftest.c >&5
conftest.c:72:18: error: port.h: No such file or directory
configure:11005: $? = 1
configure: failed program was:
| /* confdefs.h */
| #define PACKAGE_NAME ""
| #define PACKAGE_TARNAME ""
| #define PACKAGE_VERSION ""
| #define PACKAGE_STRING ""
| #define PACKAGE_BUGREPORT ""
| #define PACKAGE_URL ""
| #define PACKAGE "libevent"
| #define VERSION "1.4.14b-stable"
| #define NUMERIC_VERSION 0x01040e00
| #define STDC_HEADERS 1
| #define HAVE_SYS_TYPES_H 1
| #define HAVE_SYS_STAT_H 1
| #define HAVE_STDLIB_H 1
| #define HAVE_STRING_H 1
| #define HAVE_MEMORY_H 1
| #define HAVE_STRINGS_H 1
| #define HAVE_INTTYPES_H 1
| #define HAVE_STDINT_H 1
| #define HAVE_UNISTD_H 1
| #define HAVE_DLFCN_H 1
| #define LT_OBJDIR ".libs/"
| #define HAVE_LIBRESOLV 1
| #define STDC_HEADERS 1
| #define HAVE_FCNTL_H 1
| #define HAVE_STDARG_H 1
| #define HAVE_INTTYPES_H 1
| #define HAVE_STDINT_H 1
| #define HAVE_POLL_H 1
| #define HAVE_SIGNAL_H 1
| #define HAVE_UNISTD_H 1
| #define HAVE_SYS_TIME_H 1
| #define HAVE_SYS_QUEUE_H 1
| #define HAVE_SYS_EVENT_H 1
| #define HAVE_SYS_PARAM_H 1
| #define HAVE_SYS_IOCTL_H 1
| #define HAVE_SYS_SELECT_H 1
| /* end confdefs.h.  */
| #include <stdio.h>
| #ifdef HAVE_SYS_TYPES_H
| # include <sys/types.h>
| #endif
| #ifdef HAVE_SYS_STAT_H
| # include <sys/stat.h>
| #endif
| #ifdef STDC_HEADERS
| # include <stdlib.h>
| # include <stddef.h>
| #else
| # ifdef HAVE_STDLIB_H
| #  include <stdlib.h>
| # endif
| #endif
| #ifdef HAVE_STRING_H
| # if !defined STDC_HEADERS && defined HAVE_MEMORY_H
| #  include <memory.h>
| # endif
| # include <string.h>
| #endif
| #ifdef HAVE_STRINGS_H
| # include <strings.h>
| #endif
| #ifdef HAVE_INTTYPES_H
| # include <inttypes.h>
| #endif
| #ifdef HAVE_STDINT_H
| # include <stdint.h>
| #endif
| #ifdef HAVE_UNISTD_H
| # include <unistd.h>
| #endif
| #include <port.h>
configure:11005: result: no
configure:11005: checking port.h presence
configure:11005: gcc -E  conftest.c
conftest.c:39:18: error: port.h: No such file or directory
configure:11005: $? = 1
configure: failed program was:
| /* confdefs.h */
| #define PACKAGE_NAME ""
| #define PACKAGE_TARNAME ""
| #define PACKAGE_VERSION ""
| #define PACKAGE_STRING ""
| #define PACKAGE_BUGREPORT ""
| #define PACKAGE_URL ""
| #define PACKAGE "libevent"
| #define VERSION "1.4.14b-stable"
| #define NUMERIC_VERSION 0x01040e00
| #define STDC_HEADERS 1
| #define HAVE_SYS_TYPES_H 1
| #define HAVE_SYS_STAT_H 1
| #define HAVE_STDLIB_H 1
| #define HAVE_STRING_H 1
| #define HAVE_MEMORY_H 1
| #define HAVE_STRINGS_H 1
| #define HAVE_INTTYPES_H 1
| #define HAVE_STDINT_H 1
| #define HAVE_UNISTD_H 1
| #define HAVE_DLFCN_H 1
| #define LT_OBJDIR ".libs/"
| #define HAVE_LIBRESOLV 1
| #define STDC_HEADERS 1
| #define HAVE_FCNTL_H 1
| #define HAVE_STDARG_H 1
| #define HAVE_INTTYPES_H 1
| #define HAVE_STDINT_H 1
| #define HAVE_POLL_H 1
| #define HAVE_SIGNAL_H 1
| #define HAVE_UNISTD_H 1
| #define HAVE_SYS_TIME_H 1
| #define HAVE_SYS_QUEUE_H 1
| #define HAVE_SYS_EVENT_H 1
| #define HAVE_SYS_PARAM_H 1
| #define HAVE_SYS_IOCTL_H 1
| #define HAVE_SYS_SELECT_H 1
| /* end confdefs.h.  */
| #include <port.h>
configure:11005: result: no
configure:11005: checking for port.h
configure:11005: result: no
configure:11005: checking netinet/in6.h usability
configure:11005: gcc -c  -g -O3 -ffast-math -finline-functions -funroll-all-loops -finline-limit=1000 -mmmx -msse -foptimize-sibling-calls -Wall -fno-strict-aliasing -D_THREAD_SAFE  conftest.c >&5
conftest.c:72:25: error: netinet/in6.h: No such file or directory
configure:11005: $? = 1
configure: failed program was:
| /* confdefs.h */
| #define PACKAGE_NAME ""
| #define PACKAGE_TARNAME ""
| #define PACKAGE_VERSION ""
| #define PACKAGE_STRING ""
| #define PACKAGE_BUGREPORT ""
| #define PACKAGE_URL ""
| #define PACKAGE "libevent"
| #define VERSION "1.4.14b-stable"
| #define NUMERIC_VERSION 0x01040e00
| #define STDC_HEADERS 1
| #define HAVE_SYS_TYPES_H 1
| #define HAVE_SYS_STAT_H 1
| #define HAVE_STDLIB_H 1
| #define HAVE_STRING_H 1
| #define HAVE_MEMORY_H 1
| #define HAVE_STRINGS_H 1
| #define HAVE_INTTYPES_H 1
| #define HAVE_STDINT_H 1
| #define HAVE_UNISTD_H 1
| #define HAVE_DLFCN_H 1
| #define LT_OBJDIR ".libs/"
| #define HAVE_LIBRESOLV 1
| #define STDC_HEADERS 1
| #define HAVE_FCNTL_H 1
| #define HAVE_STDARG_H 1
| #define HAVE_INTTYPES_H 1
| #define HAVE_STDINT_H 1
| #define HAVE_POLL_H 1
| #define HAVE_SIGNAL_H 1
| #define HAVE_UNISTD_H 1
| #define HAVE_SYS_TIME_H 1
| #define HAVE_SYS_QUEUE_H 1
| #define HAVE_SYS_EVENT_H 1
| #define HAVE_SYS_PARAM_H 1
| #define HAVE_SYS_IOCTL_H 1
| #define HAVE_SYS_SELECT_H 1
| /* end confdefs.h.  */
| #include <stdio.h>
| #ifdef HAVE_SYS_TYPES_H
| # include <sys/types.h>
| #endif
| #ifdef HAVE_SYS_STAT_H
| # include <sys/stat.h>
| #endif
| #ifdef STDC_HEADERS
| # include <stdlib.h>
| # include <stddef.h>
| #else
| # ifdef HAVE_STDLIB_H
| #  include <stdlib.h>
| # endif
| #endif
| #ifdef HAVE_STRING_H
| # if !defined STDC_HEADERS && defined HAVE_MEMORY_H
| #  include <memory.h>
| # endif
| # include <string.h>
| #endif
| #ifdef HAVE_STRINGS_H
| # include <strings.h>
| #endif
| #ifdef HAVE_INTTYPES_H
| # include <inttypes.h>
| #endif
| #ifdef HAVE_STDINT_H
| # include <stdint.h>
| #endif
| #ifdef HAVE_UNISTD_H
| # include <unistd.h>
| #endif
| #include <netinet/in6.h>
configure:11005: result: no
configure:11005: checking netinet/in6.h presence
configure:11005: gcc -E  conftest.c
conftest.c:39:25: error: netinet/in6.h: No such file or directory
configure:11005: $? = 1
configure: failed program was:
| /* confdefs.h */
| #define PACKAGE_NAME ""
| #define PACKAGE_TARNAME ""
| #define PACKAGE_VERSION ""
| #define PACKAGE_STRING ""
| #define PACKAGE_BUGREPORT ""
| #define PACKAGE_URL ""
| #define PACKAGE "libevent"
| #define VERSION "1.4.14b-stable"
| #define NUMERIC_VERSION 0x01040e00
| #define STDC_HEADERS 1
| #define HAVE_SYS_TYPES_H 1
| #define HAVE_SYS_STAT_H 1
| #define HAVE_STDLIB_H 1
| #define HAVE_STRING_H 1
| #define HAVE_MEMORY_H 1
| #define HAVE_STRINGS_H 1
| #define HAVE_INTTYPES_H 1
| #define HAVE_STDINT_H 1
| #define HAVE_UNISTD_H 1
| #define HAVE_DLFCN_H 1
| #define LT_OBJDIR ".libs/"
| #define HAVE_LIBRESOLV 1
| #define STDC_HEADERS 1
| #define HAVE_FCNTL_H 1
| #define HAVE_STDARG_H 1
| #define HAVE_INTTYPES_H 1
| #define HAVE_STDINT_H 1
| #define HAVE_POLL_H 1
| #define HAVE_SIGNAL_H 1
| #define HAVE_UNISTD_H 1
| #define HAVE_SYS_TIME_H 1
| #define HAVE_SYS_QUEUE_H 1
| #define HAVE_SYS_EVENT_H 1
| #define HAVE_SYS_PARAM_H 1
| #define HAVE_SYS_IOCTL_H 1
| #define HAVE_SYS_SELECT_H 1
| /* end confdefs.h.  */
| #include <netinet/in6.h>
configure:11005: result: no
configure:11005: checking for netinet/in6.h
configure:11005: result: no
configure:11005: checking sys/socket.h usability
configure:11005: gcc -c  -g -O3 -ffast-math -finline-functions -funroll-all-loops -finline-limit=1000 -mmmx -msse -foptimize-sibling-calls -Wall -fno-strict-aliasing -D_THREAD_SAFE  conftest.c >&5
configure:11005: $? = 0
configure:11005: result: yes
configure:11005: checking sys/socket.h presence
configure:11005: gcc -E  conftest.c
configure:11005: $? = 0
configure:11005: result: yes
configure:11005: checking for sys/socket.h
configure:11005: result: yes
configure:11017: checking for TAILQ_FOREACH in sys/queue.h
configure:11030: result: yes
configure:11045: checking for timeradd in sys/time.h
configure:11061: result: yes
configure:11073: checking for timercmp in sys/time.h
configure:11089: result: yes
configure:11101: checking for timerclear in sys/time.h
configure:11117: result: yes
configure:11129: checking for timerisset in sys/time.h
configure:11145: result: yes
configure:11156: checking for WIN32
configure:11173: gcc -c  -g -O3 -ffast-math -finline-functions -funroll-all-loops -finline-limit=1000 -mmmx -msse -foptimize-sibling-calls -Wall -fno-strict-aliasing -D_THREAD_SAFE  conftest.c >&5
conftest.c: In function 'main':
conftest.c:51: error: 'die' undeclared (first use in this function)
conftest.c:51: error: (Each undeclared identifier is reported only once
conftest.c:51: error: for each function it appears in.)
conftest.c:51: error: expected ';' before 'horribly'
configure:11173: $? = 1
configure: failed program was:
| /* confdefs.h */
| #define PACKAGE_NAME ""
| #define PACKAGE_TARNAME ""
| #define PACKAGE_VERSION ""
| #define PACKAGE_STRING ""
| #define PACKAGE_BUGREPORT ""
| #define PACKAGE_URL ""
| #define PACKAGE "libevent"
| #define VERSION "1.4.14b-stable"
| #define NUMERIC_VERSION 0x01040e00
| #define STDC_HEADERS 1
| #define HAVE_SYS_TYPES_H 1
| #define HAVE_SYS_STAT_H 1
| #define HAVE_STDLIB_H 1
| #define HAVE_STRING_H 1
| #define HAVE_MEMORY_H 1
| #define HAVE_STRINGS_H 1
| #define HAVE_INTTYPES_H 1
| #define HAVE_STDINT_H 1
| #define HAVE_UNISTD_H 1
| #define HAVE_DLFCN_H 1
| #define LT_OBJDIR ".libs/"
| #define HAVE_LIBRESOLV 1
| #define STDC_HEADERS 1
| #define HAVE_FCNTL_H 1
| #define HAVE_STDARG_H 1
| #define HAVE_INTTYPES_H 1
| #define HAVE_STDINT_H 1
| #define HAVE_POLL_H 1
| #define HAVE_SIGNAL_H 1
| #define HAVE_UNISTD_H 1
| #define HAVE_SYS_TIME_H 1
| #define HAVE_SYS_QUEUE_H 1
| #define HAVE_SYS_EVENT_H 1
| #define HAVE_SYS_PARAM_H 1
| #define HAVE_SYS_IOCTL_H 1
| #define HAVE_SYS_SELECT_H 1
| #define HAVE_SYS_SOCKET_H 1
| #define HAVE_TAILQFOREACH 1
| #define HAVE_TIMERADD 1
| #define HAVE_TIMERCMP 1
| #define HAVE_TIMERCLEAR 1
| #define HAVE_TIMERISSET 1
| /* end confdefs.h.  */
| 
| int
| main ()
| {
| 
| #ifndef WIN32
| die horribly
| #endif
| 
|   ;
|   return 0;
| }
configure:11177: result: no
configure:11191: checking for an ANSI C-conforming const
configure:11256: gcc -c  -g -O3 -ffast-math -finline-functions -funroll-all-loops -finline-limit=1000 -mmmx -msse -foptimize-sibling-calls -Wall -fno-strict-aliasing -D_THREAD_SAFE  conftest.c >&5
conftest.c: In function 'main':
conftest.c:74: warning: 't' is used uninitialized in this function
conftest.c:90: warning: 'b' is used uninitialized in this function
conftest.c:96: warning: 'cs[0]' is used uninitialized in this function
configure:11256: $? = 0
configure:11263: result: yes
configure:11271: checking for inline
configure:11287: gcc -c  -g -O3 -ffast-math -finline-functions -funroll-all-loops -finline-limit=1000 -mmmx -msse -foptimize-sibling-calls -Wall -fno-strict-aliasing -D_THREAD_SAFE  conftest.c >&5
configure:11287: $? = 0
configure:11295: result: inline
configure:11313: checking whether time.h and sys/time.h may both be included
configure:11333: gcc -c  -g -O3 -ffast-math -finline-functions -funroll-all-loops -finline-limit=1000 -mmmx -msse -foptimize-sibling-calls -Wall -fno-strict-aliasing -D_THREAD_SAFE  conftest.c >&5
configure:11333: $? = 0
configure:11340: result: yes
configure:11352: checking for gettimeofday
configure:11352: gcc -o conftest  -g -O3 -ffast-math -finline-functions -funroll-all-loops -finline-limit=1000 -mmmx -msse -foptimize-sibling-calls -Wall -fno-strict-aliasing -D_THREAD_SAFE   conftest.c -lresolv  >&5
configure:11352: $? = 0
configure:11352: result: yes
configure:11352: checking for vasprintf
configure:11352: gcc -o conftest  -g -O3 -ffast-math -finline-functions -funroll-all-loops -finline-limit=1000 -mmmx -msse -foptimize-sibling-calls -Wall -fno-strict-aliasing -D_THREAD_SAFE   conftest.c -lresolv  >&5
configure:11352: $? = 0
configure:11352: result: yes
configure:11352: checking for fcntl
configure:11352: gcc -o conftest  -g -O3 -ffast-math -finline-functions -funroll-all-loops -finline-limit=1000 -mmmx -msse -foptimize-sibling-calls -Wall -fno-strict-aliasing -D_THREAD_SAFE   conftest.c -lresolv  >&5
configure:11352: $? = 0
configure:11352: result: yes
configure:11352: checking for clock_gettime
configure:11352: gcc -o conftest  -g -O3 -ffast-math -finline-functions -funroll-all-loops -finline-limit=1000 -mmmx -msse -foptimize-sibling-calls -Wall -fno-strict-aliasing -D_THREAD_SAFE   conftest.c -lresolv  >&5
Undefined symbols for architecture x86_64:
  "_clock_gettime", referenced from:
      _main in ccPoEJoE.o
ld: symbol(s) not found for architecture x86_64
collect2: ld returned 1 exit status
configure:11352: $? = 1
configure: failed program was:
| /* confdefs.h */
| #define PACKAGE_NAME ""
| #define PACKAGE_TARNAME ""
| #define PACKAGE_VERSION ""
| #define PACKAGE_STRING ""
| #define PACKAGE_BUGREPORT ""
| #define PACKAGE_URL ""
| #define PACKAGE "libevent"
| #define VERSION "1.4.14b-stable"
| #define NUMERIC_VERSION 0x01040e00
| #define STDC_HEADERS 1
| #define HAVE_SYS_TYPES_H 1
| #define HAVE_SYS_STAT_H 1
| #define HAVE_STDLIB_H 1
| #define HAVE_STRING_H 1
| #define HAVE_MEMORY_H 1
| #define HAVE_STRINGS_H 1
| #define HAVE_INTTYPES_H 1
| #define HAVE_STDINT_H 1
| #define HAVE_UNISTD_H 1
| #define HAVE_DLFCN_H 1
| #define LT_OBJDIR ".libs/"
| #define HAVE_LIBRESOLV 1
| #define STDC_HEADERS 1
| #define HAVE_FCNTL_H 1
| #define HAVE_STDARG_H 1
| #define HAVE_INTTYPES_H 1
| #define HAVE_STDINT_H 1
| #define HAVE_POLL_H 1
| #define HAVE_SIGNAL_H 1
| #define HAVE_UNISTD_H 1
| #define HAVE_SYS_TIME_H 1
| #define HAVE_SYS_QUEUE_H 1
| #define HAVE_SYS_EVENT_H 1
| #define HAVE_SYS_PARAM_H 1
| #define HAVE_SYS_IOCTL_H 1
| #define HAVE_SYS_SELECT_H 1
| #define HAVE_SYS_SOCKET_H 1
| #define HAVE_TAILQFOREACH 1
| #define HAVE_TIMERADD 1
| #define HAVE_TIMERCMP 1
| #define HAVE_TIMERCLEAR 1
| #define HAVE_TIMERISSET 1
| #define TIME_WITH_SYS_TIME 1
| #define HAVE_GETTIMEOFDAY 1
| #define HAVE_VASPRINTF 1
| #define HAVE_FCNTL 1
| /* end confdefs.h.  */
| /* Define clock_gettime to an innocuous variant, in case <limits.h> declares clock_gettime.
|    For example, HP-UX 11i <limits.h> declares gettimeofday.  */
| #define clock_gettime innocuous_clock_gettime
| 
| /* System header to define __stub macros and hopefully few prototypes,
|     which can conflict with char clock_gettime (); below.
|     Prefer <limits.h> to <assert.h> if __STDC__ is defined, since
|     <limits.h> exists even on freestanding compilers.  */
| 
| #ifdef __STDC__
| # include <limits.h>
| #else
| # include <assert.h>
| #endif
| 
| #undef clock_gettime
| 
| /* Override any GCC internal prototype to avoid an error.
|    Use char because int might match the return type of a GCC
|    builtin and then its argument prototype would still apply.  */
| #ifdef __cplusplus
| extern "C"
| #endif
| char clock_gettime ();
| /* The GNU C library defines this for functions which it implements
|     to always fail with ENOSYS.  Some functions are actually named
|     something starting with __ and the normal name is an alias.  */
| #if defined __stub_clock_gettime || defined __stub___clock_gettime
| choke me
| #endif
| 
| int
| main ()
| {
| return clock_gettime ();
|   ;
|   return 0;
| }
configure:11352: result: no
configure:11352: checking for strtok_r
configure:11352: gcc -o conftest  -g -O3 -ffast-math -finline-functions -funroll-all-loops -finline-limit=1000 -mmmx -msse -foptimize-sibling-calls -Wall -fno-strict-aliasing -D_THREAD_SAFE   conftest.c -lresolv  >&5
configure:11352: $? = 0
configure:11352: result: yes
configure:11352: checking for strsep
configure:11352: gcc -o conftest  -g -O3 -ffast-math -finline-functions -funroll-all-loops -finline-limit=1000 -mmmx -msse -foptimize-sibling-calls -Wall -fno-strict-aliasing -D_THREAD_SAFE   conftest.c -lresolv  >&5
configure:11352: $? = 0
configure:11352: result: yes
configure:11352: checking for getaddrinfo
configure:11352: gcc -o conftest  -g -O3 -ffast-math -finline-functions -funroll-all-loops -finline-limit=1000 -mmmx -msse -foptimize-sibling-calls -Wall -fno-strict-aliasing -D_THREAD_SAFE   conftest.c -lresolv  >&5
configure:11352: $? = 0
configure:11352: result: yes
configure:11352: checking for getnameinfo
configure:11352: gcc -o conftest  -g -O3 -ffast-math -finline-functions -funroll-all-loops -finline-limit=1000 -mmmx -msse -foptimize-sibling-calls -Wall -fno-strict-aliasing -D_THREAD_SAFE   conftest.c -lresolv  >&5
configure:11352: $? = 0
configure:11352: result: yes
configure:11352: checking for strlcpy
configure:11352: gcc -o conftest  -g -O3 -ffast-math -finline-functions -funroll-all-loops -finline-limit=1000 -mmmx -msse -foptimize-sibling-calls -Wall -fno-strict-aliasing -D_THREAD_SAFE   conftest.c -lresolv  >&5
configure:11352: $? = 0
configure:11352: result: yes
configure:11352: checking for inet_ntop
configure:11352: gcc -o conftest  -g -O3 -ffast-math -finline-functions -funroll-all-loops -finline-limit=1000 -mmmx -msse -foptimize-sibling-calls -Wall -fno-strict-aliasing -D_THREAD_SAFE   conftest.c -lresolv  >&5
configure:11352: $? = 0
configure:11352: result: yes
configure:11352: checking for signal
configure:11352: gcc -o conftest  -g -O3 -ffast-math -finline-functions -funroll-all-loops -finline-limit=1000 -mmmx -msse -foptimize-sibling-calls -Wall -fno-strict-aliasing -D_THREAD_SAFE   conftest.c -lresolv  >&5
configure:11352: $? = 0
configure:11352: result: yes
configure:11352: checking for sigaction
configure:11352: gcc -o conftest  -g -O3 -ffast-math -finline-functions -funroll-all-loops -finline-limit=1000 -mmmx -msse -foptimize-sibling-calls -Wall -fno-strict-aliasing -D_THREAD_SAFE   conftest.c -lresolv  >&5
configure:11352: $? = 0
configure:11352: result: yes
configure:11352: checking for strtoll
configure:11352: gcc -o conftest  -g -O3 -ffast-math -finline-functions -funroll-all-loops -finline-limit=1000 -mmmx -msse -foptimize-sibling-calls -Wall -fno-strict-aliasing -D_THREAD_SAFE   conftest.c -lresolv  >&5
configure:11352: $? = 0
configure:11352: result: yes
configure:11352: checking for issetugid
configure:11352: gcc -o conftest  -g -O3 -ffast-math -finline-functions -funroll-all-loops -finline-limit=1000 -mmmx -msse -foptimize-sibling-calls -Wall -fno-strict-aliasing -D_THREAD_SAFE   conftest.c -lresolv  >&5
configure:11352: $? = 0
configure:11352: result: yes
configure:11352: checking for geteuid
configure:11352: gcc -o conftest  -g -O3 -ffast-math -finline-functions -funroll-all-loops -finline-limit=1000 -mmmx -msse -foptimize-sibling-calls -Wall -fno-strict-aliasing -D_THREAD_SAFE   conftest.c -lresolv  >&5
configure:11352: $? = 0
configure:11352: result: yes
configure:11352: checking for getegid
configure:11352: gcc -o conftest  -g -O3 -ffast-math -finline-functions -funroll-all-loops -finline-limit=1000 -mmmx -msse -foptimize-sibling-calls -Wall -fno-strict-aliasing -D_THREAD_SAFE   conftest.c -lresolv  >&5
configure:11352: $? = 0
configure:11352: result: yes
configure:11367: checking size of long
configure:11372: gcc -o conftest  -g -O3 -ffast-math -finline-functions -funroll-all-loops -finline-limit=1000 -mmmx -msse -foptimize-sibling-calls -Wall -fno-strict-aliasing -D_THREAD_SAFE   conftest.c -lresolv  >&5
configure:11372: $? = 0
configure:11372: ./conftest
configure:11372: $? = 0
configure:11387: result: 8
configure:11408: checking for F_SETFD in fcntl.h
configure:11425: result: yes
configure:11438: checking for select
configure:11438: gcc -o conftest  -g -O3 -ffast-math -finline-functions -funroll-all-loops -finline-limit=1000 -mmmx -msse -foptimize-sibling-calls -Wall -fno-strict-aliasing -D_THREAD_SAFE   conftest.c -lresolv  >&5
configure:11438: $? = 0
configure:11438: result: yes
configure:11460: checking for poll
configure:11460: gcc -o conftest  -g -O3 -ffast-math -finline-functions -funroll-all-loops -finline-limit=1000 -mmmx -msse -foptimize-sibling-calls -Wall -fno-strict-aliasing -D_THREAD_SAFE   conftest.c -lresolv  >&5
configure:11460: $? = 0
configure:11460: result: yes
configure:11482: checking for epoll_ctl
configure:11482: gcc -o conftest  -g -O3 -ffast-math -finline-functions -funroll-all-loops -finline-limit=1000 -mmmx -msse -foptimize-sibling-calls -Wall -fno-strict-aliasing -D_THREAD_SAFE   conftest.c -lresolv  >&5
Undefined symbols for architecture x86_64:
  "_epoll_ctl", referenced from:
      _main in ccUvI9Ae.o
ld: symbol(s) not found for architecture x86_64
collect2: ld returned 1 exit status
configure:11482: $? = 1
configure: failed program was:
| /* confdefs.h */
| #define PACKAGE_NAME ""
| #define PACKAGE_TARNAME ""
| #define PACKAGE_VERSION ""
| #define PACKAGE_STRING ""
| #define PACKAGE_BUGREPORT ""
| #define PACKAGE_URL ""
| #define PACKAGE "libevent"
| #define VERSION "1.4.14b-stable"
| #define NUMERIC_VERSION 0x01040e00
| #define STDC_HEADERS 1
| #define HAVE_SYS_TYPES_H 1
| #define HAVE_SYS_STAT_H 1
| #define HAVE_STDLIB_H 1
| #define HAVE_STRING_H 1
| #define HAVE_MEMORY_H 1
| #define HAVE_STRINGS_H 1
| #define HAVE_INTTYPES_H 1
| #define HAVE_STDINT_H 1
| #define HAVE_UNISTD_H 1
| #define HAVE_DLFCN_H 1
| #define LT_OBJDIR ".libs/"
| #define HAVE_LIBRESOLV 1
| #define STDC_HEADERS 1
| #define HAVE_FCNTL_H 1
| #define HAVE_STDARG_H 1
| #define HAVE_INTTYPES_H 1
| #define HAVE_STDINT_H 1
| #define HAVE_POLL_H 1
| #define HAVE_SIGNAL_H 1
| #define HAVE_UNISTD_H 1
| #define HAVE_SYS_TIME_H 1
| #define HAVE_SYS_QUEUE_H 1
| #define HAVE_SYS_EVENT_H 1
| #define HAVE_SYS_PARAM_H 1
| #define HAVE_SYS_IOCTL_H 1
| #define HAVE_SYS_SELECT_H 1
| #define HAVE_SYS_SOCKET_H 1
| #define HAVE_TAILQFOREACH 1
| #define HAVE_TIMERADD 1
| #define HAVE_TIMERCMP 1
| #define HAVE_TIMERCLEAR 1
| #define HAVE_TIMERISSET 1
| #define TIME_WITH_SYS_TIME 1
| #define HAVE_GETTIMEOFDAY 1
| #define HAVE_VASPRINTF 1
| #define HAVE_FCNTL 1
| #define HAVE_STRTOK_R 1
| #define HAVE_STRSEP 1
| #define HAVE_GETADDRINFO 1
| #define HAVE_GETNAMEINFO 1
| #define HAVE_STRLCPY 1
| #define HAVE_INET_NTOP 1
| #define HAVE_SIGNAL 1
| #define HAVE_SIGACTION 1
| #define HAVE_STRTOLL 1
| #define HAVE_ISSETUGID 1
| #define HAVE_GETEUID 1
| #define HAVE_GETEGID 1
| #define SIZEOF_LONG 8
| #define DNS_USE_GETTIMEOFDAY_FOR_ID 1
| #define HAVE_SETFD 1
| #define HAVE_SELECT 1
| #define HAVE_POLL 1
| /* end confdefs.h.  */
| /* Define epoll_ctl to an innocuous variant, in case <limits.h> declares epoll_ctl.
|    For example, HP-UX 11i <limits.h> declares gettimeofday.  */
| #define epoll_ctl innocuous_epoll_ctl
| 
| /* System header to define __stub macros and hopefully few prototypes,
|     which can conflict with char epoll_ctl (); below.
|     Prefer <limits.h> to <assert.h> if __STDC__ is defined, since
|     <limits.h> exists even on freestanding compilers.  */
| 
| #ifdef __STDC__
| # include <limits.h>
| #else
| # include <assert.h>
| #endif
| 
| #undef epoll_ctl
| 
| /* Override any GCC internal prototype to avoid an error.
|    Use char because int might match the return type of a GCC
|    builtin and then its argument prototype would still apply.  */
| #ifdef __cplusplus
| extern "C"
| #endif
| char epoll_ctl ();
| /* The GNU C library defines this for functions which it implements
|     to always fail with ENOSYS.  Some functions are actually named
|     something starting with __ and the normal name is an alias.  */
| #if defined __stub_epoll_ctl || defined __stub___epoll_ctl
| choke me
| #endif
| 
| int
| main ()
| {
| return epoll_ctl ();
|   ;
|   return 0;
| }
configure:11482: result: no
configure:11521: checking for kqueue
configure:11521: gcc -o conftest  -g -O3 -ffast-math -finline-functions -funroll-all-loops -finline-limit=1000 -mmmx -msse -foptimize-sibling-calls -Wall -fno-strict-aliasing -D_THREAD_SAFE   conftest.c -lresolv  >&5
configure:11521: $? = 0
configure:11521: result: yes
configure:11531: checking for working kqueue
configure:11585: gcc -o conftest  -g -O3 -ffast-math -finline-functions -funroll-all-loops -finline-limit=1000 -mmmx -msse -foptimize-sibling-calls -Wall -fno-strict-aliasing -D_THREAD_SAFE   conftest.c -lresolv  >&5
conftest.c: In function 'main':
conftest.c:85: warning: implicit declaration of function 'exit'
conftest.c:85: warning: incompatible implicit declaration of built-in function 'exit'
configure:11585: $? = 0
configure:11585: ./conftest
configure:11585: $? = 0
configure:11586: result: yes
configure:11674: checking for port_create
configure:11674: gcc -o conftest  -g -O3 -ffast-math -finline-functions -funroll-all-loops -finline-limit=1000 -mmmx -msse -foptimize-sibling-calls -Wall -fno-strict-aliasing -D_THREAD_SAFE   conftest.c -lresolv  >&5
Undefined symbols for architecture x86_64:
  "_port_create", referenced from:
      _main in ccYKt9eu.o
ld: symbol(s) not found for architecture x86_64
collect2: ld returned 1 exit status
configure:11674: $? = 1
configure: failed program was:
| /* confdefs.h */
| #define PACKAGE_NAME ""
| #define PACKAGE_TARNAME ""
| #define PACKAGE_VERSION ""
| #define PACKAGE_STRING ""
| #define PACKAGE_BUGREPORT ""
| #define PACKAGE_URL ""
| #define PACKAGE "libevent"
| #define VERSION "1.4.14b-stable"
| #define NUMERIC_VERSION 0x01040e00
| #define STDC_HEADERS 1
| #define HAVE_SYS_TYPES_H 1
| #define HAVE_SYS_STAT_H 1
| #define HAVE_STDLIB_H 1
| #define HAVE_STRING_H 1
| #define HAVE_MEMORY_H 1
| #define HAVE_STRINGS_H 1
| #define HAVE_INTTYPES_H 1
| #define HAVE_STDINT_H 1
| #define HAVE_UNISTD_H 1
| #define HAVE_DLFCN_H 1
| #define LT_OBJDIR ".libs/"
| #define HAVE_LIBRESOLV 1
| #define STDC_HEADERS 1
| #define HAVE_FCNTL_H 1
| #define HAVE_STDARG_H 1
| #define HAVE_INTTYPES_H 1
| #define HAVE_STDINT_H 1
| #define HAVE_POLL_H 1
| #define HAVE_SIGNAL_H 1
| #define HAVE_UNISTD_H 1
| #define HAVE_SYS_TIME_H 1
| #define HAVE_SYS_QUEUE_H 1
| #define HAVE_SYS_EVENT_H 1
| #define HAVE_SYS_PARAM_H 1
| #define HAVE_SYS_IOCTL_H 1
| #define HAVE_SYS_SELECT_H 1
| #define HAVE_SYS_SOCKET_H 1
| #define HAVE_TAILQFOREACH 1
| #define HAVE_TIMERADD 1
| #define HAVE_TIMERCMP 1
| #define HAVE_TIMERCLEAR 1
| #define HAVE_TIMERISSET 1
| #define TIME_WITH_SYS_TIME 1
| #define HAVE_GETTIMEOFDAY 1
| #define HAVE_VASPRINTF 1
| #define HAVE_FCNTL 1
| #define HAVE_STRTOK_R 1
| #define HAVE_STRSEP 1
| #define HAVE_GETADDRINFO 1
| #define HAVE_GETNAMEINFO 1
| #define HAVE_STRLCPY 1
| #define HAVE_INET_NTOP 1
| #define HAVE_SIGNAL 1
| #define HAVE_SIGACTION 1
| #define HAVE_STRTOLL 1
| #define HAVE_ISSETUGID 1
| #define HAVE_GETEUID 1
| #define HAVE_GETEGID 1
| #define SIZEOF_LONG 8
| #define DNS_USE_GETTIMEOFDAY_FOR_ID 1
| #define HAVE_SETFD 1
| #define HAVE_SELECT 1
| #define HAVE_POLL 1
| #define HAVE_KQUEUE 1
| #define HAVE_WORKING_KQUEUE 1
| /* end confdefs.h.  */
| /* Define port_create to an innocuous variant, in case <limits.h> declares port_create.
|    For example, HP-UX 11i <limits.h> declares gettimeofday.  */
| #define port_create innocuous_port_create
| 
| /* System header to define __stub macros and hopefully few prototypes,
|     which can conflict with char port_create (); below.
|     Prefer <limits.h> to <assert.h> if __STDC__ is defined, since
|     <limits.h> exists even on freestanding compilers.  */
| 
| #ifdef __STDC__
| # include <limits.h>
| #else
| # include <assert.h>
| #endif
| 
| #undef port_create
| 
| /* Override any GCC internal prototype to avoid an error.
|    Use char because int might match the return type of a GCC
|    builtin and then its argument prototype would still apply.  */
| #ifdef __cplusplus
| extern "C"
| #endif
| char port_create ();
| /* The GNU C library defines this for functions which it implements
|     to always fail with ENOSYS.  Some functions are actually named
|     something starting with __ and the normal name is an alias.  */
| #if defined __stub_port_create || defined __stub___port_create
| choke me
| #endif
| 
| int
| main ()
| {
| return port_create ();
|   ;
|   return 0;
| }
configure:11674: result: no
configure:11710: checking for pid_t
configure:11710: gcc -c  -g -O3 -ffast-math -finline-functions -funroll-all-loops -finline-limit=1000 -mmmx -msse -foptimize-sibling-calls -Wall -fno-strict-aliasing -D_THREAD_SAFE  conftest.c >&5
configure:11710: $? = 0
configure:11710: gcc -c  -g -O3 -ffast-math -finline-functions -funroll-all-loops -finline-limit=1000 -mmmx -msse -foptimize-sibling-calls -Wall -fno-strict-aliasing -D_THREAD_SAFE  conftest.c >&5
conftest.c: In function 'main':
conftest.c:104: error: expected expression before ')' token
configure:11710: $? = 1
configure: failed program was:
| /* confdefs.h */
| #define PACKAGE_NAME ""
| #define PACKAGE_TARNAME ""
| #define PACKAGE_VERSION ""
| #define PACKAGE_STRING ""
| #define PACKAGE_BUGREPORT ""
| #define PACKAGE_URL ""
| #define PACKAGE "libevent"
| #define VERSION "1.4.14b-stable"
| #define NUMERIC_VERSION 0x01040e00
| #define STDC_HEADERS 1
| #define HAVE_SYS_TYPES_H 1
| #define HAVE_SYS_STAT_H 1
| #define HAVE_STDLIB_H 1
| #define HAVE_STRING_H 1
| #define HAVE_MEMORY_H 1
| #define HAVE_STRINGS_H 1
| #define HAVE_INTTYPES_H 1
| #define HAVE_STDINT_H 1
| #define HAVE_UNISTD_H 1
| #define HAVE_DLFCN_H 1
| #define LT_OBJDIR ".libs/"
| #define HAVE_LIBRESOLV 1
| #define STDC_HEADERS 1
| #define HAVE_FCNTL_H 1
| #define HAVE_STDARG_H 1
| #define HAVE_INTTYPES_H 1
| #define HAVE_STDINT_H 1
| #define HAVE_POLL_H 1
| #define HAVE_SIGNAL_H 1
| #define HAVE_UNISTD_H 1
| #define HAVE_SYS_TIME_H 1
| #define HAVE_SYS_QUEUE_H 1
| #define HAVE_SYS_EVENT_H 1
| #define HAVE_SYS_PARAM_H 1
| #define HAVE_SYS_IOCTL_H 1
| #define HAVE_SYS_SELECT_H 1
| #define HAVE_SYS_SOCKET_H 1
| #define HAVE_TAILQFOREACH 1
| #define HAVE_TIMERADD 1
| #define HAVE_TIMERCMP 1
| #define HAVE_TIMERCLEAR 1
| #define HAVE_TIMERISSET 1
| #define TIME_WITH_SYS_TIME 1
| #define HAVE_GETTIMEOFDAY 1
| #define HAVE_VASPRINTF 1
| #define HAVE_FCNTL 1
| #define HAVE_STRTOK_R 1
| #define HAVE_STRSEP 1
| #define HAVE_GETADDRINFO 1
| #define HAVE_GETNAMEINFO 1
| #define HAVE_STRLCPY 1
| #define HAVE_INET_NTOP 1
| #define HAVE_SIGNAL 1
| #define HAVE_SIGACTION 1
| #define HAVE_STRTOLL 1
| #define HAVE_ISSETUGID 1
| #define HAVE_GETEUID 1
| #define HAVE_GETEGID 1
| #define SIZEOF_LONG 8
| #define DNS_USE_GETTIMEOFDAY_FOR_ID 1
| #define HAVE_SETFD 1
| #define HAVE_SELECT 1
| #define HAVE_POLL 1
| #define HAVE_KQUEUE 1
| #define HAVE_WORKING_KQUEUE 1
| /* end confdefs.h.  */
| #include <stdio.h>
| #ifdef HAVE_SYS_TYPES_H
| # include <sys/types.h>
| #endif
| #ifdef HAVE_SYS_STAT_H
| # include <sys/stat.h>
| #endif
| #ifdef STDC_HEADERS
| # include <stdlib.h>
| # include <stddef.h>
| #else
| # ifdef HAVE_STDLIB_H
| #  include <stdlib.h>
| # endif
| #endif
| #ifdef HAVE_STRING_H
| # if !defined STDC_HEADERS && defined HAVE_MEMORY_H
| #  include <memory.h>
| # endif
| # include <string.h>
| #endif
| #ifdef HAVE_STRINGS_H
| # include <strings.h>
| #endif
| #ifdef HAVE_INTTYPES_H
| # include <inttypes.h>
| #endif
| #ifdef HAVE_STDINT_H
| # include <stdint.h>
| #endif
| #ifdef HAVE_UNISTD_H
| # include <unistd.h>
| #endif
| int
| main ()
| {
| if (sizeof ((pid_t)))
| 	    return 0;
|   ;
|   return 0;
| }
configure:11710: result: yes
configure:11721: checking for size_t
configure:11721: gcc -c  -g -O3 -ffast-math -finline-functions -funroll-all-loops -finline-limit=1000 -mmmx -msse -foptimize-sibling-calls -Wall -fno-strict-aliasing -D_THREAD_SAFE  conftest.c >&5
configure:11721: $? = 0
configure:11721: gcc -c  -g -O3 -ffast-math -finline-functions -funroll-all-loops -finline-limit=1000 -mmmx -msse -foptimize-sibling-calls -Wall -fno-strict-aliasing -D_THREAD_SAFE  conftest.c >&5
conftest.c: In function 'main':
conftest.c:104: error: expected expression before ')' token
configure:11721: $? = 1
configure: failed program was:
| /* confdefs.h */
| #define PACKAGE_NAME ""
| #define PACKAGE_TARNAME ""
| #define PACKAGE_VERSION ""
| #define PACKAGE_STRING ""
| #define PACKAGE_BUGREPORT ""
| #define PACKAGE_URL ""
| #define PACKAGE "libevent"
| #define VERSION "1.4.14b-stable"
| #define NUMERIC_VERSION 0x01040e00
| #define STDC_HEADERS 1
| #define HAVE_SYS_TYPES_H 1
| #define HAVE_SYS_STAT_H 1
| #define HAVE_STDLIB_H 1
| #define HAVE_STRING_H 1
| #define HAVE_MEMORY_H 1
| #define HAVE_STRINGS_H 1
| #define HAVE_INTTYPES_H 1
| #define HAVE_STDINT_H 1
| #define HAVE_UNISTD_H 1
| #define HAVE_DLFCN_H 1
| #define LT_OBJDIR ".libs/"
| #define HAVE_LIBRESOLV 1
| #define STDC_HEADERS 1
| #define HAVE_FCNTL_H 1
| #define HAVE_STDARG_H 1
| #define HAVE_INTTYPES_H 1
| #define HAVE_STDINT_H 1
| #define HAVE_POLL_H 1
| #define HAVE_SIGNAL_H 1
| #define HAVE_UNISTD_H 1
| #define HAVE_SYS_TIME_H 1
| #define HAVE_SYS_QUEUE_H 1
| #define HAVE_SYS_EVENT_H 1
| #define HAVE_SYS_PARAM_H 1
| #define HAVE_SYS_IOCTL_H 1
| #define HAVE_SYS_SELECT_H 1
| #define HAVE_SYS_SOCKET_H 1
| #define HAVE_TAILQFOREACH 1
| #define HAVE_TIMERADD 1
| #define HAVE_TIMERCMP 1
| #define HAVE_TIMERCLEAR 1
| #define HAVE_TIMERISSET 1
| #define TIME_WITH_SYS_TIME 1
| #define HAVE_GETTIMEOFDAY 1
| #define HAVE_VASPRINTF 1
| #define HAVE_FCNTL 1
| #define HAVE_STRTOK_R 1
| #define HAVE_STRSEP 1
| #define HAVE_GETADDRINFO 1
| #define HAVE_GETNAMEINFO 1
| #define HAVE_STRLCPY 1
| #define HAVE_INET_NTOP 1
| #define HAVE_SIGNAL 1
| #define HAVE_SIGACTION 1
| #define HAVE_STRTOLL 1
| #define HAVE_ISSETUGID 1
| #define HAVE_GETEUID 1
| #define HAVE_GETEGID 1
| #define SIZEOF_LONG 8
| #define DNS_USE_GETTIMEOFDAY_FOR_ID 1
| #define HAVE_SETFD 1
| #define HAVE_SELECT 1
| #define HAVE_POLL 1
| #define HAVE_KQUEUE 1
| #define HAVE_WORKING_KQUEUE 1
| /* end confdefs.h.  */
| #include <stdio.h>
| #ifdef HAVE_SYS_TYPES_H
| # include <sys/types.h>
| #endif
| #ifdef HAVE_SYS_STAT_H
| # include <sys/stat.h>
| #endif
| #ifdef STDC_HEADERS
| # include <stdlib.h>
| # include <stddef.h>
| #else
| # ifdef HAVE_STDLIB_H
| #  include <stdlib.h>
| # endif
| #endif
| #ifdef HAVE_STRING_H
| # if !defined STDC_HEADERS && defined HAVE_MEMORY_H
| #  include <memory.h>
| # endif
| # include <string.h>
| #endif
| #ifdef HAVE_STRINGS_H
| # include <strings.h>
| #endif
| #ifdef HAVE_INTTYPES_H
| # include <inttypes.h>
| #endif
| #ifdef HAVE_STDINT_H
| # include <stdint.h>
| #endif
| #ifdef HAVE_UNISTD_H
| # include <unistd.h>
| #endif
| int
| main ()
| {
| if (sizeof ((size_t)))
| 	    return 0;
|   ;
|   return 0;
| }
configure:11721: result: yes
configure:11732: checking for uint64_t
configure:11732: gcc -c  -g -O3 -ffast-math -finline-functions -funroll-all-loops -finline-limit=1000 -mmmx -msse -foptimize-sibling-calls -Wall -fno-strict-aliasing -D_THREAD_SAFE  conftest.c >&5
configure:11732: $? = 0
configure:11732: gcc -c  -g -O3 -ffast-math -finline-functions -funroll-all-loops -finline-limit=1000 -mmmx -msse -foptimize-sibling-calls -Wall -fno-strict-aliasing -D_THREAD_SAFE  conftest.c >&5
conftest.c: In function 'main':
conftest.c:80: error: expected expression before ')' token
configure:11732: $? = 1
configure: failed program was:
| /* confdefs.h */
| #define PACKAGE_NAME ""
| #define PACKAGE_TARNAME ""
| #define PACKAGE_VERSION ""
| #define PACKAGE_STRING ""
| #define PACKAGE_BUGREPORT ""
| #define PACKAGE_URL ""
| #define PACKAGE "libevent"
| #define VERSION "1.4.14b-stable"
| #define NUMERIC_VERSION 0x01040e00
| #define STDC_HEADERS 1
| #define HAVE_SYS_TYPES_H 1
| #define HAVE_SYS_STAT_H 1
| #define HAVE_STDLIB_H 1
| #define HAVE_STRING_H 1
| #define HAVE_MEMORY_H 1
| #define HAVE_STRINGS_H 1
| #define HAVE_INTTYPES_H 1
| #define HAVE_STDINT_H 1
| #define HAVE_UNISTD_H 1
| #define HAVE_DLFCN_H 1
| #define LT_OBJDIR ".libs/"
| #define HAVE_LIBRESOLV 1
| #define STDC_HEADERS 1
| #define HAVE_FCNTL_H 1
| #define HAVE_STDARG_H 1
| #define HAVE_INTTYPES_H 1
| #define HAVE_STDINT_H 1
| #define HAVE_POLL_H 1
| #define HAVE_SIGNAL_H 1
| #define HAVE_UNISTD_H 1
| #define HAVE_SYS_TIME_H 1
| #define HAVE_SYS_QUEUE_H 1
| #define HAVE_SYS_EVENT_H 1
| #define HAVE_SYS_PARAM_H 1
| #define HAVE_SYS_IOCTL_H 1
| #define HAVE_SYS_SELECT_H 1
| #define HAVE_SYS_SOCKET_H 1
| #define HAVE_TAILQFOREACH 1
| #define HAVE_TIMERADD 1
| #define HAVE_TIMERCMP 1
| #define HAVE_TIMERCLEAR 1
| #define HAVE_TIMERISSET 1
| #define TIME_WITH_SYS_TIME 1
| #define HAVE_GETTIMEOFDAY 1
| #define HAVE_VASPRINTF 1
| #define HAVE_FCNTL 1
| #define HAVE_STRTOK_R 1
| #define HAVE_STRSEP 1
| #define HAVE_GETADDRINFO 1
| #define HAVE_GETNAMEINFO 1
| #define HAVE_STRLCPY 1
| #define HAVE_INET_NTOP 1
| #define HAVE_SIGNAL 1
| #define HAVE_SIGACTION 1
| #define HAVE_STRTOLL 1
| #define HAVE_ISSETUGID 1
| #define HAVE_GETEUID 1
| #define HAVE_GETEGID 1
| #define SIZEOF_LONG 8
| #define DNS_USE_GETTIMEOFDAY_FOR_ID 1
| #define HAVE_SETFD 1
| #define HAVE_SELECT 1
| #define HAVE_POLL 1
| #define HAVE_KQUEUE 1
| #define HAVE_WORKING_KQUEUE 1
| /* end confdefs.h.  */
| #ifdef HAVE_STDINT_H
| #include <stdint.h>
| #elif defined(HAVE_INTTYPES_H)
| #include <inttypes.h>
| #endif
| #ifdef HAVE_SYS_TYPES_H
| #include <sys/types.h>
| #endif
| 
| int
| main ()
| {
| if (sizeof ((uint64_t)))
| 	    return 0;
|   ;
|   return 0;
| }
configure:11732: result: yes
configure:11749: checking for uint32_t
configure:11749: gcc -c  -g -O3 -ffast-math -finline-functions -funroll-all-loops -finline-limit=1000 -mmmx -msse -foptimize-sibling-calls -Wall -fno-strict-aliasing -D_THREAD_SAFE  conftest.c >&5
configure:11749: $? = 0
configure:11749: gcc -c  -g -O3 -ffast-math -finline-functions -funroll-all-loops -finline-limit=1000 -mmmx -msse -foptimize-sibling-calls -Wall -fno-strict-aliasing -D_THREAD_SAFE  conftest.c >&5
conftest.c: In function 'main':
conftest.c:81: error: expected expression before ')' token
configure:11749: $? = 1
configure: failed program was:
| /* confdefs.h */
| #define PACKAGE_NAME ""
| #define PACKAGE_TARNAME ""
| #define PACKAGE_VERSION ""
| #define PACKAGE_STRING ""
| #define PACKAGE_BUGREPORT ""
| #define PACKAGE_URL ""
| #define PACKAGE "libevent"
| #define VERSION "1.4.14b-stable"
| #define NUMERIC_VERSION 0x01040e00
| #define STDC_HEADERS 1
| #define HAVE_SYS_TYPES_H 1
| #define HAVE_SYS_STAT_H 1
| #define HAVE_STDLIB_H 1
| #define HAVE_STRING_H 1
| #define HAVE_MEMORY_H 1
| #define HAVE_STRINGS_H 1
| #define HAVE_INTTYPES_H 1
| #define HAVE_STDINT_H 1
| #define HAVE_UNISTD_H 1
| #define HAVE_DLFCN_H 1
| #define LT_OBJDIR ".libs/"
| #define HAVE_LIBRESOLV 1
| #define STDC_HEADERS 1
| #define HAVE_FCNTL_H 1
| #define HAVE_STDARG_H 1
| #define HAVE_INTTYPES_H 1
| #define HAVE_STDINT_H 1
| #define HAVE_POLL_H 1
| #define HAVE_SIGNAL_H 1
| #define HAVE_UNISTD_H 1
| #define HAVE_SYS_TIME_H 1
| #define HAVE_SYS_QUEUE_H 1
| #define HAVE_SYS_EVENT_H 1
| #define HAVE_SYS_PARAM_H 1
| #define HAVE_SYS_IOCTL_H 1
| #define HAVE_SYS_SELECT_H 1
| #define HAVE_SYS_SOCKET_H 1
| #define HAVE_TAILQFOREACH 1
| #define HAVE_TIMERADD 1
| #define HAVE_TIMERCMP 1
| #define HAVE_TIMERCLEAR 1
| #define HAVE_TIMERISSET 1
| #define TIME_WITH_SYS_TIME 1
| #define HAVE_GETTIMEOFDAY 1
| #define HAVE_VASPRINTF 1
| #define HAVE_FCNTL 1
| #define HAVE_STRTOK_R 1
| #define HAVE_STRSEP 1
| #define HAVE_GETADDRINFO 1
| #define HAVE_GETNAMEINFO 1
| #define HAVE_STRLCPY 1
| #define HAVE_INET_NTOP 1
| #define HAVE_SIGNAL 1
| #define HAVE_SIGACTION 1
| #define HAVE_STRTOLL 1
| #define HAVE_ISSETUGID 1
| #define HAVE_GETEUID 1
| #define HAVE_GETEGID 1
| #define SIZEOF_LONG 8
| #define DNS_USE_GETTIMEOFDAY_FOR_ID 1
| #define HAVE_SETFD 1
| #define HAVE_SELECT 1
| #define HAVE_POLL 1
| #define HAVE_KQUEUE 1
| #define HAVE_WORKING_KQUEUE 1
| #define HAVE_UINT64_T 1
| /* end confdefs.h.  */
| #ifdef HAVE_STDINT_H
| #include <stdint.h>
| #elif defined(HAVE_INTTYPES_H)
| #include <inttypes.h>
| #endif
| #ifdef HAVE_SYS_TYPES_H
| #include <sys/types.h>
| #endif
| 
| int
| main ()
| {
| if (sizeof ((uint32_t)))
| 	    return 0;
|   ;
|   return 0;
| }
configure:11749: result: yes
configure:11766: checking for uint16_t
configure:11766: gcc -c  -g -O3 -ffast-math -finline-functions -funroll-all-loops -finline-limit=1000 -mmmx -msse -foptimize-sibling-calls -Wall -fno-strict-aliasing -D_THREAD_SAFE  conftest.c >&5
configure:11766: $? = 0
configure:11766: gcc -c  -g -O3 -ffast-math -finline-functions -funroll-all-loops -finline-limit=1000 -mmmx -msse -foptimize-sibling-calls -Wall -fno-strict-aliasing -D_THREAD_SAFE  conftest.c >&5
conftest.c: In function 'main':
conftest.c:82: error: expected expression before ')' token
configure:11766: $? = 1
configure: failed program was:
| /* confdefs.h */
| #define PACKAGE_NAME ""
| #define PACKAGE_TARNAME ""
| #define PACKAGE_VERSION ""
| #define PACKAGE_STRING ""
| #define PACKAGE_BUGREPORT ""
| #define PACKAGE_URL ""
| #define PACKAGE "libevent"
| #define VERSION "1.4.14b-stable"
| #define NUMERIC_VERSION 0x01040e00
| #define STDC_HEADERS 1
| #define HAVE_SYS_TYPES_H 1
| #define HAVE_SYS_STAT_H 1
| #define HAVE_STDLIB_H 1
| #define HAVE_STRING_H 1
| #define HAVE_MEMORY_H 1
| #define HAVE_STRINGS_H 1
| #define HAVE_INTTYPES_H 1
| #define HAVE_STDINT_H 1
| #define HAVE_UNISTD_H 1
| #define HAVE_DLFCN_H 1
| #define LT_OBJDIR ".libs/"
| #define HAVE_LIBRESOLV 1
| #define STDC_HEADERS 1
| #define HAVE_FCNTL_H 1
| #define HAVE_STDARG_H 1
| #define HAVE_INTTYPES_H 1
| #define HAVE_STDINT_H 1
| #define HAVE_POLL_H 1
| #define HAVE_SIGNAL_H 1
| #define HAVE_UNISTD_H 1
| #define HAVE_SYS_TIME_H 1
| #define HAVE_SYS_QUEUE_H 1
| #define HAVE_SYS_EVENT_H 1
| #define HAVE_SYS_PARAM_H 1
| #define HAVE_SYS_IOCTL_H 1
| #define HAVE_SYS_SELECT_H 1
| #define HAVE_SYS_SOCKET_H 1
| #define HAVE_TAILQFOREACH 1
| #define HAVE_TIMERADD 1
| #define HAVE_TIMERCMP 1
| #define HAVE_TIMERCLEAR 1
| #define HAVE_TIMERISSET 1
| #define TIME_WITH_SYS_TIME 1
| #define HAVE_GETTIMEOFDAY 1
| #define HAVE_VASPRINTF 1
| #define HAVE_FCNTL 1
| #define HAVE_STRTOK_R 1
| #define HAVE_STRSEP 1
| #define HAVE_GETADDRINFO 1
| #define HAVE_GETNAMEINFO 1
| #define HAVE_STRLCPY 1
| #define HAVE_INET_NTOP 1
| #define HAVE_SIGNAL 1
| #define HAVE_SIGACTION 1
| #define HAVE_STRTOLL 1
| #define HAVE_ISSETUGID 1
| #define HAVE_GETEUID 1
| #define HAVE_GETEGID 1
| #define SIZEOF_LONG 8
| #define DNS_USE_GETTIMEOFDAY_FOR_ID 1
| #define HAVE_SETFD 1
| #define HAVE_SELECT 1
| #define HAVE_POLL 1
| #define HAVE_KQUEUE 1
| #define HAVE_WORKING_KQUEUE 1
| #define HAVE_UINT64_T 1
| #define HAVE_UINT32_T 1
| /* end confdefs.h.  */
| #ifdef HAVE_STDINT_H
| #include <stdint.h>
| #elif defined(HAVE_INTTYPES_H)
| #include <inttypes.h>
| #endif
| #ifdef HAVE_SYS_TYPES_H
| #include <sys/types.h>
| #endif
| 
| int
| main ()
| {
| if (sizeof ((uint16_t)))
| 	    return 0;
|   ;
|   return 0;
| }
configure:11766: result: yes
configure:11783: checking for uint8_t
configure:11783: gcc -c  -g -O3 -ffast-math -finline-functions -funroll-all-loops -finline-limit=1000 -mmmx -msse -foptimize-sibling-calls -Wall -fno-strict-aliasing -D_THREAD_SAFE  conftest.c >&5
configure:11783: $? = 0
configure:11783: gcc -c  -g -O3 -ffast-math -finline-functions -funroll-all-loops -finline-limit=1000 -mmmx -msse -foptimize-sibling-calls -Wall -fno-strict-aliasing -D_THREAD_SAFE  conftest.c >&5
conftest.c: In function 'main':
conftest.c:83: error: expected expression before ')' token
configure:11783: $? = 1
configure: failed program was:
| /* confdefs.h */
| #define PACKAGE_NAME ""
| #define PACKAGE_TARNAME ""
| #define PACKAGE_VERSION ""
| #define PACKAGE_STRING ""
| #define PACKAGE_BUGREPORT ""
| #define PACKAGE_URL ""
| #define PACKAGE "libevent"
| #define VERSION "1.4.14b-stable"
| #define NUMERIC_VERSION 0x01040e00
| #define STDC_HEADERS 1
| #define HAVE_SYS_TYPES_H 1
| #define HAVE_SYS_STAT_H 1
| #define HAVE_STDLIB_H 1
| #define HAVE_STRING_H 1
| #define HAVE_MEMORY_H 1
| #define HAVE_STRINGS_H 1
| #define HAVE_INTTYPES_H 1
| #define HAVE_STDINT_H 1
| #define HAVE_UNISTD_H 1
| #define HAVE_DLFCN_H 1
| #define LT_OBJDIR ".libs/"
| #define HAVE_LIBRESOLV 1
| #define STDC_HEADERS 1
| #define HAVE_FCNTL_H 1
| #define HAVE_STDARG_H 1
| #define HAVE_INTTYPES_H 1
| #define HAVE_STDINT_H 1
| #define HAVE_POLL_H 1
| #define HAVE_SIGNAL_H 1
| #define HAVE_UNISTD_H 1
| #define HAVE_SYS_TIME_H 1
| #define HAVE_SYS_QUEUE_H 1
| #define HAVE_SYS_EVENT_H 1
| #define HAVE_SYS_PARAM_H 1
| #define HAVE_SYS_IOCTL_H 1
| #define HAVE_SYS_SELECT_H 1
| #define HAVE_SYS_SOCKET_H 1
| #define HAVE_TAILQFOREACH 1
| #define HAVE_TIMERADD 1
| #define HAVE_TIMERCMP 1
| #define HAVE_TIMERCLEAR 1
| #define HAVE_TIMERISSET 1
| #define TIME_WITH_SYS_TIME 1
| #define HAVE_GETTIMEOFDAY 1
| #define HAVE_VASPRINTF 1
| #define HAVE_FCNTL 1
| #define HAVE_STRTOK_R 1
| #define HAVE_STRSEP 1
| #define HAVE_GETADDRINFO 1
| #define HAVE_GETNAMEINFO 1
| #define HAVE_STRLCPY 1
| #define HAVE_INET_NTOP 1
| #define HAVE_SIGNAL 1
| #define HAVE_SIGACTION 1
| #define HAVE_STRTOLL 1
| #define HAVE_ISSETUGID 1
| #define HAVE_GETEUID 1
| #define HAVE_GETEGID 1
| #define SIZEOF_LONG 8
| #define DNS_USE_GETTIMEOFDAY_FOR_ID 1
| #define HAVE_SETFD 1
| #define HAVE_SELECT 1
| #define HAVE_POLL 1
| #define HAVE_KQUEUE 1
| #define HAVE_WORKING_KQUEUE 1
| #define HAVE_UINT64_T 1
| #define HAVE_UINT32_T 1
| #define HAVE_UINT16_T 1
| /* end confdefs.h.  */
| #ifdef HAVE_STDINT_H
| #include <stdint.h>
| #elif defined(HAVE_INTTYPES_H)
| #include <inttypes.h>
| #endif
| #ifdef HAVE_SYS_TYPES_H
| #include <sys/types.h>
| #endif
| 
| int
| main ()
| {
| if (sizeof ((uint8_t)))
| 	    return 0;
|   ;
|   return 0;
| }
configure:11783: result: yes
configure:11801: checking for fd_mask
configure:11801: gcc -c  -g -O3 -ffast-math -finline-functions -funroll-all-loops -finline-limit=1000 -mmmx -msse -foptimize-sibling-calls -Wall -fno-strict-aliasing -D_THREAD_SAFE  conftest.c >&5
configure:11801: $? = 0
configure:11801: gcc -c  -g -O3 -ffast-math -finline-functions -funroll-all-loops -finline-limit=1000 -mmmx -msse -foptimize-sibling-calls -Wall -fno-strict-aliasing -D_THREAD_SAFE  conftest.c >&5
conftest.c: In function 'main':
conftest.c:82: error: expected expression before ')' token
configure:11801: $? = 1
configure: failed program was:
| /* confdefs.h */
| #define PACKAGE_NAME ""
| #define PACKAGE_TARNAME ""
| #define PACKAGE_VERSION ""
| #define PACKAGE_STRING ""
| #define PACKAGE_BUGREPORT ""
| #define PACKAGE_URL ""
| #define PACKAGE "libevent"
| #define VERSION "1.4.14b-stable"
| #define NUMERIC_VERSION 0x01040e00
| #define STDC_HEADERS 1
| #define HAVE_SYS_TYPES_H 1
| #define HAVE_SYS_STAT_H 1
| #define HAVE_STDLIB_H 1
| #define HAVE_STRING_H 1
| #define HAVE_MEMORY_H 1
| #define HAVE_STRINGS_H 1
| #define HAVE_INTTYPES_H 1
| #define HAVE_STDINT_H 1
| #define HAVE_UNISTD_H 1
| #define HAVE_DLFCN_H 1
| #define LT_OBJDIR ".libs/"
| #define HAVE_LIBRESOLV 1
| #define STDC_HEADERS 1
| #define HAVE_FCNTL_H 1
| #define HAVE_STDARG_H 1
| #define HAVE_INTTYPES_H 1
| #define HAVE_STDINT_H 1
| #define HAVE_POLL_H 1
| #define HAVE_SIGNAL_H 1
| #define HAVE_UNISTD_H 1
| #define HAVE_SYS_TIME_H 1
| #define HAVE_SYS_QUEUE_H 1
| #define HAVE_SYS_EVENT_H 1
| #define HAVE_SYS_PARAM_H 1
| #define HAVE_SYS_IOCTL_H 1
| #define HAVE_SYS_SELECT_H 1
| #define HAVE_SYS_SOCKET_H 1
| #define HAVE_TAILQFOREACH 1
| #define HAVE_TIMERADD 1
| #define HAVE_TIMERCMP 1
| #define HAVE_TIMERCLEAR 1
| #define HAVE_TIMERISSET 1
| #define TIME_WITH_SYS_TIME 1
| #define HAVE_GETTIMEOFDAY 1
| #define HAVE_VASPRINTF 1
| #define HAVE_FCNTL 1
| #define HAVE_STRTOK_R 1
| #define HAVE_STRSEP 1
| #define HAVE_GETADDRINFO 1
| #define HAVE_GETNAMEINFO 1
| #define HAVE_STRLCPY 1
| #define HAVE_INET_NTOP 1
| #define HAVE_SIGNAL 1
| #define HAVE_SIGACTION 1
| #define HAVE_STRTOLL 1
| #define HAVE_ISSETUGID 1
| #define HAVE_GETEUID 1
| #define HAVE_GETEGID 1
| #define SIZEOF_LONG 8
| #define DNS_USE_GETTIMEOFDAY_FOR_ID 1
| #define HAVE_SETFD 1
| #define HAVE_SELECT 1
| #define HAVE_POLL 1
| #define HAVE_KQUEUE 1
| #define HAVE_WORKING_KQUEUE 1
| #define HAVE_UINT64_T 1
| #define HAVE_UINT32_T 1
| #define HAVE_UINT16_T 1
| #define HAVE_UINT8_T 1
| /* end confdefs.h.  */
| #ifdef HAVE_SYS_TYPES_H
| #include <sys/types.h>
| #endif
| #ifdef HAVE_SELECT_H
| #include <select.h>
| #endif
| 
| int
| main ()
| {
| if (sizeof ((fd_mask)))
| 	    return 0;
|   ;
|   return 0;
| }
configure:11801: result: yes
configure:11822: checking size of long long
configure:11827: gcc -o conftest  -g -O3 -ffast-math -finline-functions -funroll-all-loops -finline-limit=1000 -mmmx -msse -foptimize-sibling-calls -Wall -fno-strict-aliasing -D_THREAD_SAFE   conftest.c -lresolv  >&5
configure:11827: $? = 0
configure:11827: ./conftest
configure:11827: $? = 0
configure:11842: result: 8
configure:11856: checking size of int
configure:11861: gcc -o conftest  -g -O3 -ffast-math -finline-functions -funroll-all-loops -finline-limit=1000 -mmmx -msse -foptimize-sibling-calls -Wall -fno-strict-aliasing -D_THREAD_SAFE   conftest.c -lresolv  >&5
configure:11861: $? = 0
configure:11861: ./conftest
configure:11861: $? = 0
configure:11876: result: 4
configure:11890: checking size of short
configure:11895: gcc -o conftest  -g -O3 -ffast-math -finline-functions -funroll-all-loops -finline-limit=1000 -mmmx -msse -foptimize-sibling-calls -Wall -fno-strict-aliasing -D_THREAD_SAFE   conftest.c -lresolv  >&5
configure:11895: $? = 0
configure:11895: ./conftest
configure:11895: $? = 0
configure:11910: result: 2
configure:11920: checking for struct in6_addr
configure:11920: gcc -c  -g -O3 -ffast-math -finline-functions -funroll-all-loops -finline-limit=1000 -mmmx -msse -foptimize-sibling-calls -Wall -fno-strict-aliasing -D_THREAD_SAFE  conftest.c >&5
configure:11920: $? = 0
configure:11920: gcc -c  -g -O3 -ffast-math -finline-functions -funroll-all-loops -finline-limit=1000 -mmmx -msse -foptimize-sibling-calls -Wall -fno-strict-aliasing -D_THREAD_SAFE  conftest.c >&5
conftest.c: In function 'main':
conftest.c:90: error: expected expression before ')' token
configure:11920: $? = 1
configure: failed program was:
| /* confdefs.h */
| #define PACKAGE_NAME ""
| #define PACKAGE_TARNAME ""
| #define PACKAGE_VERSION ""
| #define PACKAGE_STRING ""
| #define PACKAGE_BUGREPORT ""
| #define PACKAGE_URL ""
| #define PACKAGE "libevent"
| #define VERSION "1.4.14b-stable"
| #define NUMERIC_VERSION 0x01040e00
| #define STDC_HEADERS 1
| #define HAVE_SYS_TYPES_H 1
| #define HAVE_SYS_STAT_H 1
| #define HAVE_STDLIB_H 1
| #define HAVE_STRING_H 1
| #define HAVE_MEMORY_H 1
| #define HAVE_STRINGS_H 1
| #define HAVE_INTTYPES_H 1
| #define HAVE_STDINT_H 1
| #define HAVE_UNISTD_H 1
| #define HAVE_DLFCN_H 1
| #define LT_OBJDIR ".libs/"
| #define HAVE_LIBRESOLV 1
| #define STDC_HEADERS 1
| #define HAVE_FCNTL_H 1
| #define HAVE_STDARG_H 1
| #define HAVE_INTTYPES_H 1
| #define HAVE_STDINT_H 1
| #define HAVE_POLL_H 1
| #define HAVE_SIGNAL_H 1
| #define HAVE_UNISTD_H 1
| #define HAVE_SYS_TIME_H 1
| #define HAVE_SYS_QUEUE_H 1
| #define HAVE_SYS_EVENT_H 1
| #define HAVE_SYS_PARAM_H 1
| #define HAVE_SYS_IOCTL_H 1
| #define HAVE_SYS_SELECT_H 1
| #define HAVE_SYS_SOCKET_H 1
| #define HAVE_TAILQFOREACH 1
| #define HAVE_TIMERADD 1
| #define HAVE_TIMERCMP 1
| #define HAVE_TIMERCLEAR 1
| #define HAVE_TIMERISSET 1
| #define TIME_WITH_SYS_TIME 1
| #define HAVE_GETTIMEOFDAY 1
| #define HAVE_VASPRINTF 1
| #define HAVE_FCNTL 1
| #define HAVE_STRTOK_R 1
| #define HAVE_STRSEP 1
| #define HAVE_GETADDRINFO 1
| #define HAVE_GETNAMEINFO 1
| #define HAVE_STRLCPY 1
| #define HAVE_INET_NTOP 1
| #define HAVE_SIGNAL 1
| #define HAVE_SIGACTION 1
| #define HAVE_STRTOLL 1
| #define HAVE_ISSETUGID 1
| #define HAVE_GETEUID 1
| #define HAVE_GETEGID 1
| #define SIZEOF_LONG 8
| #define DNS_USE_GETTIMEOFDAY_FOR_ID 1
| #define HAVE_SETFD 1
| #define HAVE_SELECT 1
| #define HAVE_POLL 1
| #define HAVE_KQUEUE 1
| #define HAVE_WORKING_KQUEUE 1
| #define HAVE_UINT64_T 1
| #define HAVE_UINT32_T 1
| #define HAVE_UINT16_T 1
| #define HAVE_UINT8_T 1
| #define HAVE_FD_MASK 1
| #define SIZEOF_LONG_LONG 8
| #define SIZEOF_INT 4
| #define SIZEOF_SHORT 2
| /* end confdefs.h.  */
| #ifdef WIN32
| #include <winsock2.h>
| #else
| #include <sys/types.h>
| #include <netinet/in.h>
| #include <sys/socket.h>
| #endif
| #ifdef HAVE_NETINET_IN6_H
| #include <netinet/in6.h>
| #endif
| 
| int
| main ()
| {
| if (sizeof ((struct in6_addr)))
| 	    return 0;
|   ;
|   return 0;
| }
configure:11920: result: yes
configure:11941: checking for socklen_t
configure:11956: gcc -c  -g -O3 -ffast-math -finline-functions -funroll-all-loops -finline-limit=1000 -mmmx -msse -foptimize-sibling-calls -Wall -fno-strict-aliasing -D_THREAD_SAFE  conftest.c >&5
conftest.c: In function 'main':
conftest.c:83: warning: unused variable 'x'
configure:11956: $? = 0
configure:11957: result: yes
configure:11969: checking whether our compiler supports __func__
configure:11982: gcc -c  -g -O3 -ffast-math -finline-functions -funroll-all-loops -finline-limit=1000 -mmmx -msse -foptimize-sibling-calls -Wall -fno-strict-aliasing -D_THREAD_SAFE  conftest.c >&5
conftest.c: In function 'main':
conftest.c:81: warning: unused variable 'cp'
configure:11982: $? = 0
configure:11983: result: yes
configure:12208: creating ./config.status

## ---------------------- ##
## Running config.status. ##
## ---------------------- ##

This file was extended by config.status, which was
generated by GNU Autoconf 2.65.  Invocation command line was

  CONFIG_FILES    = 
  CONFIG_HEADERS  = 
  CONFIG_LINKS    = 
  CONFIG_COMMANDS = 
  $ ./config.status 

on eek.local

config.status:1119: creating Makefile
config.status:1119: creating test/Makefile
config.status:1119: creating sample/Makefile
config.status:1119: creating config.h
config.status:1339: executing depfiles commands
config.status:1339: executing libtool commands

## ---------------- ##
## Cache variables. ##
## ---------------- ##

ac_cv_build=x86_64-apple-darwin10.8.0
ac_cv_c_compiler_gnu=yes
ac_cv_c_const=yes
ac_cv_c_inline=inline
ac_cv_env_CC_set=
ac_cv_env_CC_value=
ac_cv_env_CFLAGS_set=set
ac_cv_env_CFLAGS_value=' -g -O3 -ffast-math -finline-functions -funroll-all-loops -finline-limit=1000 -mmmx -msse -foptimize-sibling-calls'
ac_cv_env_CPPFLAGS_set=
ac_cv_env_CPPFLAGS_value=
ac_cv_env_CPP_set=
ac_cv_env_CPP_value=
ac_cv_env_LDFLAGS_set=
ac_cv_env_LDFLAGS_value=
ac_cv_env_LIBS_set=
ac_cv_env_LIBS_value=
ac_cv_env_build_alias_set=
ac_cv_env_build_alias_value=
ac_cv_env_host_alias_set=
ac_cv_env_host_alias_value=
ac_cv_env_target_alias_set=
ac_cv_env_target_alias_value=
ac_cv_func_clock_gettime=no
ac_cv_func_epoll_ctl=no
ac_cv_func_fcntl=yes
ac_cv_func_getaddrinfo=yes
ac_cv_func_getegid=yes
ac_cv_func_geteuid=yes
ac_cv_func_getnameinfo=yes
ac_cv_func_gettimeofday=yes
ac_cv_func_inet_ntop=yes
ac_cv_func_issetugid=yes
ac_cv_func_kqueue=yes
ac_cv_func_poll=yes
ac_cv_func_port_create=no
ac_cv_func_select=yes
ac_cv_func_sigaction=yes
ac_cv_func_signal=yes
ac_cv_func_strlcpy=yes
ac_cv_func_strsep=yes
ac_cv_func_strtok_r=yes
ac_cv_func_strtoll=yes
ac_cv_func_vasprintf=yes
ac_cv_header_dlfcn_h=yes
ac_cv_header_fcntl_h=yes
ac_cv_header_inttypes_h=yes
ac_cv_header_memory_h=yes
ac_cv_header_netinet_in6_h=no
ac_cv_header_poll_h=yes
ac_cv_header_port_h=no
ac_cv_header_signal_h=yes
ac_cv_header_stdarg_h=yes
ac_cv_header_stdc=yes
ac_cv_header_stdint_h=yes
ac_cv_header_stdlib_h=yes
ac_cv_header_string_h=yes
ac_cv_header_strings_h=yes
ac_cv_header_sys_devpoll_h=no
ac_cv_header_sys_epoll_h=no
ac_cv_header_sys_event_h=yes
ac_cv_header_sys_ioctl_h=yes
ac_cv_header_sys_param_h=yes
ac_cv_header_sys_queue_h=yes
ac_cv_header_sys_select_h=yes
ac_cv_header_sys_socket_h=yes
ac_cv_header_sys_stat_h=yes
ac_cv_header_sys_time_h=yes
ac_cv_header_sys_types_h=yes
ac_cv_header_time=yes
ac_cv_header_unistd_h=yes
ac_cv_host=x86_64-apple-darwin10.8.0
ac_cv_lib_nsl_inet_ntoa=no
ac_cv_lib_resolv_inet_aton=yes
ac_cv_lib_rt_clock_gettime=no
ac_cv_lib_socket_socket=no
ac_cv_objext=o
ac_cv_path_EGREP='/usr/bin/grep -E'
ac_cv_path_FGREP='/usr/bin/grep -F'
ac_cv_path_GREP=/usr/bin/grep
ac_cv_path_SED=/usr/bin/sed
ac_cv_path_install='/usr/bin/install -c'
ac_cv_prog_AWK=awk
ac_cv_prog_CPP='gcc -E'
ac_cv_prog_ac_ct_AR=ar
ac_cv_prog_ac_ct_CC=gcc
ac_cv_prog_ac_ct_DSYMUTIL=dsymutil
ac_cv_prog_ac_ct_LIPO=lipo
ac_cv_prog_ac_ct_NMEDIT=nmedit
ac_cv_prog_ac_ct_OTOOL=otool
ac_cv_prog_ac_ct_RANLIB=ranlib
ac_cv_prog_ac_ct_STRIP=strip
ac_cv_prog_cc_c89=
ac_cv_prog_cc_g=yes
ac_cv_prog_gcc_traditional=no
ac_cv_prog_make_make_set=yes
ac_cv_sizeof_int=4
ac_cv_sizeof_long=8
ac_cv_sizeof_long_long=8
ac_cv_sizeof_short=2
ac_cv_type_fd_mask=yes
ac_cv_type_pid_t=yes
ac_cv_type_size_t=yes
ac_cv_type_struct_in6_addr=yes
ac_cv_type_uint16_t=yes
ac_cv_type_uint32_t=yes
ac_cv_type_uint64_t=yes
ac_cv_type_uint8_t=yes
am_cv_CC_dependencies_compiler_type=gcc3
lt_cv_apple_cc_single_mod=yes
lt_cv_deplibs_check_method=pass_all
lt_cv_file_magic_cmd='$MAGIC_CMD'
lt_cv_file_magic_test_file=
lt_cv_ld_exported_symbols_list=yes
lt_cv_ld_reload_flag=-r
lt_cv_nm_interface='BSD nm'
lt_cv_objdir=.libs
lt_cv_path_LD=/usr/libexec/gcc/i686-apple-darwin10/4.2.1/ld
lt_cv_path_NM=/usr/bin/nm
lt_cv_prog_compiler_c_o=yes
lt_cv_prog_compiler_pic_works=yes
lt_cv_prog_compiler_rtti_exceptions=no
lt_cv_prog_compiler_static_works=no
lt_cv_prog_gnu_ld=no
lt_cv_sys_global_symbol_pipe='sed -n -e '\''s/^.*[	 ]\([BCDEGRST][BCDEGRST]*\)[	 ][	 ]*_\([_A-Za-z][_A-Za-z0-9]*\)$/\1 _\2 \2/p'\'''
lt_cv_sys_global_symbol_to_c_name_address='sed -n -e '\''s/^: \([^ ]*\) $/  {\"\1\", (void *) 0},/p'\'' -e '\''s/^[BCDEGRST]* \([^ ]*\) \([^ ]*\)$/  {"\2", (void *) \&\2},/p'\'''
lt_cv_sys_global_symbol_to_c_name_address_lib_prefix='sed -n -e '\''s/^: \([^ ]*\) $/  {\"\1\", (void *) 0},/p'\'' -e '\''s/^[BCDEGRST]* \([^ ]*\) \(lib[^ ]*\)$/  {"\2", (void *) \&\2},/p'\'' -e '\''s/^[BCDEGRST]* \([^ ]*\) \([^ ]*\)$/  {"lib\2", (void *) \&\2},/p'\'''
lt_cv_sys_global_symbol_to_cdecl='sed -n -e '\''s/^T .* \(.*\)$/extern int \1();/p'\'' -e '\''s/^[BCDEGRST]* .* \(.*\)$/extern char \1;/p'\'''
lt_cv_sys_max_cmd_len=196608

## ----------------- ##
## Output variables. ##
## ----------------- ##

ACLOCAL='${SHELL} /Users/brianwilkerson/workspace/curl-loader-0.56/build/libevent/libevent-1.4.14b-stable/missing --run aclocal-1.11'
AMDEPBACKSLASH='\'
AMDEP_FALSE='#'
AMDEP_TRUE=''
AMTAR='${SHELL} /Users/brianwilkerson/workspace/curl-loader-0.56/build/libevent/libevent-1.4.14b-stable/missing --run tar'
AR='ar'
AUTOCONF='${SHELL} /Users/brianwilkerson/workspace/curl-loader-0.56/build/libevent/libevent-1.4.14b-stable/missing --run autoconf'
AUTOHEADER='${SHELL} /Users/brianwilkerson/workspace/curl-loader-0.56/build/libevent/libevent-1.4.14b-stable/missing --run autoheader'
AUTOMAKE='${SHELL} /Users/brianwilkerson/workspace/curl-loader-0.56/build/libevent/libevent-1.4.14b-stable/missing --run automake-1.11'
AWK='awk'
BUILD_WIN32_FALSE=''
BUILD_WIN32_TRUE='#'
CC='gcc'
CCDEPMODE='depmode=gcc3'
CFLAGS=' -g -O3 -ffast-math -finline-functions -funroll-all-loops -finline-limit=1000 -mmmx -msse -foptimize-sibling-calls -Wall -fno-strict-aliasing -D_THREAD_SAFE'
CPP='gcc -E'
CPPFLAGS=''
CYGPATH_W='echo'
DEFS='-DHAVE_CONFIG_H'
DEPDIR='.deps'
DSYMUTIL='dsymutil'
DUMPBIN=''
ECHO_C='\c'
ECHO_N=''
ECHO_T=''
EGREP='/usr/bin/grep -E'
EXEEXT=''
FGREP='/usr/bin/grep -F'
GREP='/usr/bin/grep'
INSTALL_DATA='${INSTALL} -m 644'
INSTALL_PROGRAM='${INSTALL}'
INSTALL_SCRIPT='${INSTALL}'
INSTALL_STRIP_PROGRAM='$(install_sh) -c -s'
LD='/usr/libexec/gcc/i686-apple-darwin10/4.2.1/ld'
LDFLAGS=''
LIBOBJS=' ${LIBOBJDIR}select$U.o ${LIBOBJDIR}poll$U.o ${LIBOBJDIR}kqueue$U.o ${LIBOBJDIR}signal$U.o'
LIBS='-lresolv '
LIBTOOL='$(SHELL) $(top_builddir)/libtool'
LIBTOOL_DEPS='./ltmain.sh'
LIPO='lipo'
LN_S='ln -s'
LTLIBOBJS=' ${LIBOBJDIR}select$U.lo ${LIBOBJDIR}poll$U.lo ${LIBOBJDIR}kqueue$U.lo ${LIBOBJDIR}signal$U.lo'
MAKEINFO='${SHELL} /Users/brianwilkerson/workspace/curl-loader-0.56/build/libevent/libevent-1.4.14b-stable/missing --run makeinfo'
MKDIR_P='./install-sh -c -d'
NM='/usr/bin/nm'
NMEDIT='nmedit'
OBJDUMP='false'
OBJEXT='o'
OTOOL64=':'
OTOOL='otool'
PACKAGE='libevent'
PACKAGE_BUGREPORT=''
PACKAGE_NAME=''
PACKAGE_STRING=''
PACKAGE_TARNAME=''
PACKAGE_URL=''
PACKAGE_VERSION=''
PATH_SEPARATOR=':'
RANLIB='ranlib'
SED='/usr/bin/sed'
SET_MAKE=''
SHELL='/bin/sh'
STRIP='strip'
VERSION='1.4.14b-stable'
ac_ct_CC='gcc'
ac_ct_DUMPBIN=''
am__EXEEXT_FALSE=''
am__EXEEXT_TRUE='#'
am__fastdepCC_FALSE='#'
am__fastdepCC_TRUE=''
am__include='include'
am__isrc=''
am__leading_dot='.'
am__quote=''
am__tar='${AMTAR} chof - "$$tardir"'
am__untar='${AMTAR} xf -'
bindir='${exec_prefix}/bin'
build='x86_64-apple-darwin10.8.0'
build_alias=''
build_cpu='x86_64'
build_os='darwin10.8.0'
build_vendor='apple'
datadir='${datarootdir}'
datarootdir='${prefix}/share'
docdir='${datarootdir}/doc/${PACKAGE}'
dvidir='${docdir}'
exec_prefix='${prefix}'
host='x86_64-apple-darwin10.8.0'
host_alias=''
host_cpu='x86_64'
host_os='darwin10.8.0'
host_vendor='apple'
htmldir='${docdir}'
includedir='${prefix}/include'
infodir='${datarootdir}/info'
install_sh='${SHELL} /Users/brianwilkerson/workspace/curl-loader-0.56/build/libevent/libevent-1.4.14b-stable/install-sh'
libdir='${exec_prefix}/lib'
libexecdir='${exec_prefix}/libexec'
localedir='${datarootdir}/locale'
localstatedir='${prefix}/var'
lt_ECHO='/bin/echo'
mandir='${datarootdir}/man'
mkdir_p='$(top_builddir)/./install-sh -c -d'
oldincludedir='/usr/include'
pdfdir='${docdir}'
prefix='/Users/brianwilkerson/workspace/curl-loader-0.56/build/libevent'
program_transform_name='s,x,x,'
psdir='${docdir}'
sbindir='${exec_prefix}/sbin'
sharedstatedir='${prefix}/com'
sysconfdir='${prefix}/etc'
target_alias=''

## ----------- ##
## confdefs.h. ##
## ----------- ##

/* confdefs.h */
#define PACKAGE_NAME ""
#define PACKAGE_TARNAME ""
#define PACKAGE_VERSION ""
#define PACKAGE_STRING ""
#define PACKAGE_BUGREPORT ""
#define PACKAGE_URL ""
#define PACKAGE "libevent"
#define VERSION "1.4.14b-stable"
#define NUMERIC_VERSION 0x01040e00
#define STDC_HEADERS 1
#define HAVE_SYS_TYPES_H 1
#define HAVE_SYS_STAT_H 1
#define HAVE_STDLIB_H 1
#define HAVE_STRING_H 1
#define HAVE_MEMORY_H 1
#define HAVE_STRINGS_H 1
#define HAVE_INTTYPES_H 1
#define HAVE_STDINT_H 1
#define HAVE_UNISTD_H 1
#define HAVE_DLFCN_H 1
#define LT_OBJDIR ".libs/"
#define HAVE_LIBRESOLV 1
#define STDC_HEADERS 1
#define HAVE_FCNTL_H 1
#define HAVE_STDARG_H 1
#define HAVE_INTTYPES_H 1
#define HAVE_STDINT_H 1
#define HAVE_POLL_H 1
#define HAVE_SIGNAL_H 1
#define HAVE_UNISTD_H 1
#define HAVE_SYS_TIME_H 1
#define HAVE_SYS_QUEUE_H 1
#define HAVE_SYS_EVENT_H 1
#define HAVE_SYS_PARAM_H 1
#define HAVE_SYS_IOCTL_H 1
#define HAVE_SYS_SELECT_H 1
#define HAVE_SYS_SOCKET_H 1
#define HAVE_TAILQFOREACH 1
#define HAVE_TIMERADD 1
#define HAVE_TIMERCMP 1
#define HAVE_TIMERCLEAR 1
#define HAVE_TIMERISSET 1
#define TIME_WITH_SYS_TIME 1
#define HAVE_GETTIMEOFDAY 1
#define HAVE_VASPRINTF 1
#define HAVE_FCNTL 1
#define HAVE_STRTOK_R 1
#define HAVE_STRSEP 1
#define HAVE_GETADDRINFO 1
#define HAVE_GETNAMEINFO 1
#define HAVE_STRLCPY 1
#define HAVE_INET_NTOP 1
#define HAVE_SIGNAL 1
#define HAVE_SIGACTION 1
#define HAVE_STRTOLL 1
#define HAVE_ISSETUGID 1
#define HAVE_GETEUID 1
#define HAVE_GETEGID 1
#define SIZEOF_LONG 8
#define DNS_USE_GETTIMEOFDAY_FOR_ID 1
#define HAVE_SETFD 1
#define HAVE_SELECT 1
#define HAVE_POLL 1
#define HAVE_KQUEUE 1
#define HAVE_WORKING_KQUEUE 1
#define HAVE_UINT64_T 1
#define HAVE_UINT32_T 1
#define HAVE_UINT16_T 1
#define HAVE_UINT8_T 1
#define HAVE_FD_MASK 1
#define SIZEOF_LONG_LONG 8
#define SIZEOF_INT 4
#define SIZEOF_SHORT 2
#define HAVE_STRUCT_IN6_ADDR 1

configure: exit 0
